[2022-03-18T09:03:44.442] [INFO] access - ::1 - - "GET /py/data/upload_data1 HTTP/1.1" 404 - "http://localhost:8081/" "Mozilla/5.0 (Windows NT 10.0; Win64; x64) AppleWebKit/537.36 (KHTML, like Gecko) Chrome/99.0.4844.51 Safari/537.36 Edg/99.0.1150.39"
[2022-03-18T09:21:39.684] [INFO] access - ::ffff:10.168.1.186 - - "OPTIONS /bdz_data/getList HTTP/1.1" 204 - "http://localhost:8081/" "Mozilla/5.0 (Windows NT 10.0; Win64; x64) AppleWebKit/537.36 (KHTML, like Gecko) Chrome/99.0.4844.51 Safari/537.36 Edg/99.0.1150.39"
[2022-03-18T09:21:39.715] [INFO] access - ::ffff:10.168.1.186 - - "POST /bdz_data/getList HTTP/1.1" 200 816 "http://localhost:8081/" "Mozilla/5.0 (Windows NT 10.0; Win64; x64) AppleWebKit/537.36 (KHTML, like Gecko) Chrome/99.0.4844.51 Safari/537.36 Edg/99.0.1150.39"
[2022-03-18T09:21:41.954] [INFO] access - ::ffff:10.168.1.186 - - "OPTIONS /bdz_eqTem/getList HTTP/1.1" 204 - "http://localhost:8081/" "Mozilla/5.0 (Windows NT 10.0; Win64; x64) AppleWebKit/537.36 (KHTML, like Gecko) Chrome/99.0.4844.51 Safari/537.36 Edg/99.0.1150.39"
[2022-03-18T09:21:41.961] [INFO] access - ::ffff:10.168.1.186 - - "POST /bdz_eqTem/getList HTTP/1.1" 200 544 "http://localhost:8081/" "Mozilla/5.0 (Windows NT 10.0; Win64; x64) AppleWebKit/537.36 (KHTML, like Gecko) Chrome/99.0.4844.51 Safari/537.36 Edg/99.0.1150.39"
[2022-03-18T09:21:43.631] [INFO] access - ::1 - - "GET /py/data/get_data?tf_id=21 HTTP/1.1" 404 - "http://localhost:8081/" "Mozilla/5.0 (Windows NT 10.0; Win64; x64) AppleWebKit/537.36 (KHTML, like Gecko) Chrome/99.0.4844.51 Safari/537.36 Edg/99.0.1150.39"
[2022-03-18T09:22:37.843] [INFO] access - ::1 - - "GET /py/data/get_data?tf_id=21 HTTP/1.1" 404 - "http://localhost:8081/" "Mozilla/5.0 (Windows NT 10.0; Win64; x64) AppleWebKit/537.36 (KHTML, like Gecko) Chrome/99.0.4844.51 Safari/537.36 Edg/99.0.1150.39"
[2022-03-18T09:24:36.900] [INFO] access - ::1 - - "GET /py/data/get_data?tf_id=21 HTTP/1.1" 404 - "http://localhost:8081/" "Mozilla/5.0 (Windows NT 10.0; Win64; x64) AppleWebKit/537.36 (KHTML, like Gecko) Chrome/99.0.4844.51 Safari/537.36 Edg/99.0.1150.39"
[2022-03-18T09:26:20.124] [INFO] access - ::1 - - "GET /py/data/get_data?tf_id=21 HTTP/1.1" 404 - "http://localhost:8081/" "Mozilla/5.0 (Windows NT 10.0; Win64; x64) AppleWebKit/537.36 (KHTML, like Gecko) Chrome/99.0.4844.51 Safari/537.36 Edg/99.0.1150.39"
[2022-03-18T09:26:24.113] [INFO] access - ::1 - - "GET /py/data/get_data?tf_id=21 HTTP/1.1" 404 - "" "Mozilla/5.0 (Windows NT 10.0; Win64; x64) AppleWebKit/537.36 (KHTML, like Gecko) Chrome/99.0.4844.51 Safari/537.36 Edg/99.0.1150.39"
[2022-03-18T09:26:24.195] [INFO] access - ::1 - - "GET /favicon.ico HTTP/1.1" 404 - "http://localhost:8085/py/data/get_data?tf_id=21" "Mozilla/5.0 (Windows NT 10.0; Win64; x64) AppleWebKit/537.36 (KHTML, like Gecko) Chrome/99.0.4844.51 Safari/537.36 Edg/99.0.1150.39"
[2022-03-18T09:33:01.687] [INFO] access - ::1 - - "GET /bdz_tem/getList?id=1 HTTP/1.1" 200 10064 "http://localhost:8081/" "Mozilla/5.0 (Windows NT 10.0; Win64; x64) AppleWebKit/537.36 (KHTML, like Gecko) Chrome/99.0.4844.51 Safari/537.36 Edg/99.0.1150.39"
[2022-03-18T10:19:29.752] [INFO] access - ::1 - - "GET /bdz_tem/importWord HTTP/1.1" 500 40 "" "PostmanRuntime/7.28.3"
[2022-03-18T10:20:54.846] [INFO] access - ::1 - - "GET /bdz_tem/importWord HTTP/1.1" 500 40 "" "PostmanRuntime/7.28.3"
[2022-03-18T10:21:16.182] [INFO] access - ::1 - - "GET /bdz_tem/importWord HTTP/1.1" 500 40 "" "PostmanRuntime/7.28.3"
[2022-03-18T10:21:26.181] [INFO] access - ::1 - - "GET /bdz_tem/importWord HTTP/1.1" 500 40 "" "PostmanRuntime/7.28.3"
[2022-03-18T10:22:09.240] [INFO] access - ::1 - - "GET /bdz_tem/importWord HTTP/1.1" 404 - "" "PostmanRuntime/7.28.3"
[2022-03-18T10:24:12.193] [INFO] access - ::ffff:10.168.1.186 - - "OPTIONS /bdz_data/getList HTTP/1.1" 204 - "http://localhost:8081/" "Mozilla/5.0 (Windows NT 10.0; Win64; x64) AppleWebKit/537.36 (KHTML, like Gecko) Chrome/99.0.4844.51 Safari/537.36 Edg/99.0.1150.39"
[2022-03-18T10:24:12.231] [INFO] access - ::ffff:10.168.1.186 - - "POST /bdz_data/getList HTTP/1.1" 200 816 "http://localhost:8081/" "Mozilla/5.0 (Windows NT 10.0; Win64; x64) AppleWebKit/537.36 (KHTML, like Gecko) Chrome/99.0.4844.51 Safari/537.36 Edg/99.0.1150.39"
[2022-03-18T10:24:12.233] [INFO] access - ::ffff:10.168.1.186 - - "GET /bdz_data/checkName HTTP/1.1" 200 139 "http://localhost:8081/" "Mozilla/5.0 (Windows NT 10.0; Win64; x64) AppleWebKit/537.36 (KHTML, like Gecko) Chrome/99.0.4844.51 Safari/537.36 Edg/99.0.1150.39"
[2022-03-18T10:24:14.161] [INFO] access - ::1 - - "OPTIONS /bdz_eqTem/getList HTTP/1.1" 204 - "http://localhost:8081/" "Mozilla/5.0 (Windows NT 10.0; Win64; x64) AppleWebKit/537.36 (KHTML, like Gecko) Chrome/99.0.4844.51 Safari/537.36 Edg/99.0.1150.39"
[2022-03-18T10:24:14.171] [INFO] access - ::1 - - "POST /bdz_eqTem/getList HTTP/1.1" 200 544 "http://localhost:8081/" "Mozilla/5.0 (Windows NT 10.0; Win64; x64) AppleWebKit/537.36 (KHTML, like Gecko) Chrome/99.0.4844.51 Safari/537.36 Edg/99.0.1150.39"
[2022-03-18T10:24:14.175] [INFO] access - ::1 - - "GET /bdz_eqTem/getTypeList HTTP/1.1" 200 140 "http://localhost:8081/" "Mozilla/5.0 (Windows NT 10.0; Win64; x64) AppleWebKit/537.36 (KHTML, like Gecko) Chrome/99.0.4844.51 Safari/537.36 Edg/99.0.1150.39"
[2022-03-18T10:24:15.889] [INFO] access - ::1 - - "OPTIONS /bdz_eqlist/getList HTTP/1.1" 204 - "http://localhost:8081/" "Mozilla/5.0 (Windows NT 10.0; Win64; x64) AppleWebKit/537.36 (KHTML, like Gecko) Chrome/99.0.4844.51 Safari/537.36 Edg/99.0.1150.39"
[2022-03-18T10:24:15.893] [INFO] access - ::1 - - "OPTIONS /bdz_eqlist/getList HTTP/1.1" 204 - "http://localhost:8081/" "Mozilla/5.0 (Windows NT 10.0; Win64; x64) AppleWebKit/537.36 (KHTML, like Gecko) Chrome/99.0.4844.51 Safari/537.36 Edg/99.0.1150.39"
[2022-03-18T10:24:15.909] [INFO] access - ::1 - - "POST /bdz_eqlist/getList HTTP/1.1" 200 891 "http://localhost:8081/" "Mozilla/5.0 (Windows NT 10.0; Win64; x64) AppleWebKit/537.36 (KHTML, like Gecko) Chrome/99.0.4844.51 Safari/537.36 Edg/99.0.1150.39"
[2022-03-18T10:24:15.911] [INFO] access - ::1 - - "GET /bdz_dict/getList HTTP/1.1" 200 1927 "http://localhost:8081/" "Mozilla/5.0 (Windows NT 10.0; Win64; x64) AppleWebKit/537.36 (KHTML, like Gecko) Chrome/99.0.4844.51 Safari/537.36 Edg/99.0.1150.39"
[2022-03-18T10:24:15.913] [INFO] access - ::1 - - "POST /bdz_eqlist/getList HTTP/1.1" 200 891 "http://localhost:8081/" "Mozilla/5.0 (Windows NT 10.0; Win64; x64) AppleWebKit/537.36 (KHTML, like Gecko) Chrome/99.0.4844.51 Safari/537.36 Edg/99.0.1150.39"
[2022-03-18T10:25:22.230] [INFO] access - ::1 - - "OPTIONS /bdz_eqlist/getList HTTP/1.1" 204 - "http://localhost:8081/" "Mozilla/5.0 (Windows NT 10.0; Win64; x64) AppleWebKit/537.36 (KHTML, like Gecko) Chrome/99.0.4844.51 Safari/537.36 Edg/99.0.1150.39"
[2022-03-18T10:25:22.236] [INFO] access - ::1 - - "OPTIONS /bdz_eqlist/getList HTTP/1.1" 204 - "http://localhost:8081/" "Mozilla/5.0 (Windows NT 10.0; Win64; x64) AppleWebKit/537.36 (KHTML, like Gecko) Chrome/99.0.4844.51 Safari/537.36 Edg/99.0.1150.39"
[2022-03-18T10:25:22.254] [INFO] access - ::1 - - "POST /bdz_eqlist/getList HTTP/1.1" 200 891 "http://localhost:8081/" "Mozilla/5.0 (Windows NT 10.0; Win64; x64) AppleWebKit/537.36 (KHTML, like Gecko) Chrome/99.0.4844.51 Safari/537.36 Edg/99.0.1150.39"
[2022-03-18T10:25:22.257] [INFO] access - ::1 - - "POST /bdz_eqlist/getList HTTP/1.1" 200 891 "http://localhost:8081/" "Mozilla/5.0 (Windows NT 10.0; Win64; x64) AppleWebKit/537.36 (KHTML, like Gecko) Chrome/99.0.4844.51 Safari/537.36 Edg/99.0.1150.39"
[2022-03-18T10:27:10.671] [INFO] access - ::1 - - "OPTIONS /bdz_eqlist/getList HTTP/1.1" 204 - "http://localhost:8081/" "Mozilla/5.0 (Windows NT 10.0; Win64; x64) AppleWebKit/537.36 (KHTML, like Gecko) Chrome/99.0.4844.51 Safari/537.36 Edg/99.0.1150.39"
[2022-03-18T10:27:10.678] [INFO] access - ::1 - - "OPTIONS /bdz_eqlist/getList HTTP/1.1" 204 - "http://localhost:8081/" "Mozilla/5.0 (Windows NT 10.0; Win64; x64) AppleWebKit/537.36 (KHTML, like Gecko) Chrome/99.0.4844.51 Safari/537.36 Edg/99.0.1150.39"
[2022-03-18T10:27:10.695] [INFO] access - ::1 - - "POST /bdz_eqlist/getList HTTP/1.1" 200 891 "http://localhost:8081/" "Mozilla/5.0 (Windows NT 10.0; Win64; x64) AppleWebKit/537.36 (KHTML, like Gecko) Chrome/99.0.4844.51 Safari/537.36 Edg/99.0.1150.39"
[2022-03-18T10:27:10.696] [INFO] access - ::1 - - "POST /bdz_eqlist/getList HTTP/1.1" 200 891 "http://localhost:8081/" "Mozilla/5.0 (Windows NT 10.0; Win64; x64) AppleWebKit/537.36 (KHTML, like Gecko) Chrome/99.0.4844.51 Safari/537.36 Edg/99.0.1150.39"
[2022-03-18T10:27:43.193] [INFO] access - ::1 - - "OPTIONS /bdz_eqlist/getList HTTP/1.1" 204 - "http://localhost:8081/" "Mozilla/5.0 (Windows NT 10.0; Win64; x64) AppleWebKit/537.36 (KHTML, like Gecko) Chrome/99.0.4844.51 Safari/537.36 Edg/99.0.1150.39"
[2022-03-18T10:27:43.198] [INFO] access - ::1 - - "OPTIONS /bdz_eqlist/getList HTTP/1.1" 204 - "http://localhost:8081/" "Mozilla/5.0 (Windows NT 10.0; Win64; x64) AppleWebKit/537.36 (KHTML, like Gecko) Chrome/99.0.4844.51 Safari/537.36 Edg/99.0.1150.39"
[2022-03-18T10:27:43.211] [INFO] access - ::1 - - "POST /bdz_eqlist/getList HTTP/1.1" 200 891 "http://localhost:8081/" "Mozilla/5.0 (Windows NT 10.0; Win64; x64) AppleWebKit/537.36 (KHTML, like Gecko) Chrome/99.0.4844.51 Safari/537.36 Edg/99.0.1150.39"
[2022-03-18T10:27:43.214] [INFO] access - ::1 - - "POST /bdz_eqlist/getList HTTP/1.1" 200 891 "http://localhost:8081/" "Mozilla/5.0 (Windows NT 10.0; Win64; x64) AppleWebKit/537.36 (KHTML, like Gecko) Chrome/99.0.4844.51 Safari/537.36 Edg/99.0.1150.39"
[2022-03-18T10:30:09.174] [INFO] access - ::1 - - "OPTIONS /bdz_eqlist/getList HTTP/1.1" 204 - "http://localhost:8081/" "Mozilla/5.0 (Windows NT 10.0; Win64; x64) AppleWebKit/537.36 (KHTML, like Gecko) Chrome/99.0.4844.51 Safari/537.36 Edg/99.0.1150.39"
[2022-03-18T10:30:09.179] [INFO] access - ::1 - - "OPTIONS /bdz_eqlist/getList HTTP/1.1" 204 - "http://localhost:8081/" "Mozilla/5.0 (Windows NT 10.0; Win64; x64) AppleWebKit/537.36 (KHTML, like Gecko) Chrome/99.0.4844.51 Safari/537.36 Edg/99.0.1150.39"
[2022-03-18T10:30:09.198] [INFO] access - ::1 - - "POST /bdz_eqlist/getList HTTP/1.1" 200 891 "http://localhost:8081/" "Mozilla/5.0 (Windows NT 10.0; Win64; x64) AppleWebKit/537.36 (KHTML, like Gecko) Chrome/99.0.4844.51 Safari/537.36 Edg/99.0.1150.39"
[2022-03-18T10:30:09.202] [INFO] access - ::1 - - "GET /bdz_dict/getList HTTP/1.1" 200 1927 "http://localhost:8081/" "Mozilla/5.0 (Windows NT 10.0; Win64; x64) AppleWebKit/537.36 (KHTML, like Gecko) Chrome/99.0.4844.51 Safari/537.36 Edg/99.0.1150.39"
[2022-03-18T10:30:09.206] [INFO] access - ::1 - - "POST /bdz_eqlist/getList HTTP/1.1" 200 891 "http://localhost:8081/" "Mozilla/5.0 (Windows NT 10.0; Win64; x64) AppleWebKit/537.36 (KHTML, like Gecko) Chrome/99.0.4844.51 Safari/537.36 Edg/99.0.1150.39"
[2022-03-18T11:00:48.996] [INFO] access - ::ffff:10.168.1.186 - - "OPTIONS /bdz_data/getList HTTP/1.1" 204 - "http://localhost:8081/" "Mozilla/5.0 (Windows NT 10.0; Win64; x64) AppleWebKit/537.36 (KHTML, like Gecko) Chrome/99.0.4844.51 Safari/537.36 Edg/99.0.1150.39"
[2022-03-18T11:00:49.006] [INFO] access - ::ffff:10.168.1.186 - - "POST /bdz_data/getList HTTP/1.1" 200 816 "http://localhost:8081/" "Mozilla/5.0 (Windows NT 10.0; Win64; x64) AppleWebKit/537.36 (KHTML, like Gecko) Chrome/99.0.4844.51 Safari/537.36 Edg/99.0.1150.39"
[2022-03-18T11:00:52.458] [INFO] access - ::ffff:10.168.1.186 - - "POST /bdz_data/getList HTTP/1.1" 200 816 "http://localhost:8081/" "Mozilla/5.0 (Windows NT 10.0; Win64; x64) AppleWebKit/537.36 (KHTML, like Gecko) Chrome/99.0.4844.51 Safari/537.36 Edg/99.0.1150.39"
[2022-03-18T11:00:52.461] [INFO] access - ::ffff:10.168.1.186 - - "GET /bdz_data/checkName HTTP/1.1" 200 139 "http://localhost:8081/" "Mozilla/5.0 (Windows NT 10.0; Win64; x64) AppleWebKit/537.36 (KHTML, like Gecko) Chrome/99.0.4844.51 Safari/537.36 Edg/99.0.1150.39"
[2022-03-18T11:00:53.754] [INFO] access - ::1 - - "OPTIONS /bdz_eqTem/getList HTTP/1.1" 204 - "http://localhost:8081/" "Mozilla/5.0 (Windows NT 10.0; Win64; x64) AppleWebKit/537.36 (KHTML, like Gecko) Chrome/99.0.4844.51 Safari/537.36 Edg/99.0.1150.39"
[2022-03-18T11:00:53.763] [INFO] access - ::1 - - "POST /bdz_eqTem/getList HTTP/1.1" 200 544 "http://localhost:8081/" "Mozilla/5.0 (Windows NT 10.0; Win64; x64) AppleWebKit/537.36 (KHTML, like Gecko) Chrome/99.0.4844.51 Safari/537.36 Edg/99.0.1150.39"
[2022-03-18T11:00:53.765] [INFO] access - ::1 - - "GET /bdz_eqTem/getTypeList HTTP/1.1" 200 140 "http://localhost:8081/" "Mozilla/5.0 (Windows NT 10.0; Win64; x64) AppleWebKit/537.36 (KHTML, like Gecko) Chrome/99.0.4844.51 Safari/537.36 Edg/99.0.1150.39"
[2022-03-18T11:00:55.635] [INFO] access - ::1 - - "OPTIONS /bdz_eqlist/getList HTTP/1.1" 204 - "http://localhost:8081/" "Mozilla/5.0 (Windows NT 10.0; Win64; x64) AppleWebKit/537.36 (KHTML, like Gecko) Chrome/99.0.4844.51 Safari/537.36 Edg/99.0.1150.39"
[2022-03-18T11:00:55.639] [INFO] access - ::1 - - "OPTIONS /bdz_eqlist/getList HTTP/1.1" 204 - "http://localhost:8081/" "Mozilla/5.0 (Windows NT 10.0; Win64; x64) AppleWebKit/537.36 (KHTML, like Gecko) Chrome/99.0.4844.51 Safari/537.36 Edg/99.0.1150.39"
[2022-03-18T11:00:55.651] [INFO] access - ::1 - - "POST /bdz_eqlist/getList HTTP/1.1" 200 891 "http://localhost:8081/" "Mozilla/5.0 (Windows NT 10.0; Win64; x64) AppleWebKit/537.36 (KHTML, like Gecko) Chrome/99.0.4844.51 Safari/537.36 Edg/99.0.1150.39"
[2022-03-18T11:00:55.654] [INFO] access - ::1 - - "POST /bdz_eqlist/getList HTTP/1.1" 200 891 "http://localhost:8081/" "Mozilla/5.0 (Windows NT 10.0; Win64; x64) AppleWebKit/537.36 (KHTML, like Gecko) Chrome/99.0.4844.51 Safari/537.36 Edg/99.0.1150.39"
[2022-03-18T11:01:33.476] [INFO] access - ::1 - - "OPTIONS /bdz_eqlist/getList HTTP/1.1" 204 - "http://localhost:8081/" "Mozilla/5.0 (Windows NT 10.0; Win64; x64) AppleWebKit/537.36 (KHTML, like Gecko) Chrome/99.0.4844.51 Safari/537.36 Edg/99.0.1150.39"
[2022-03-18T11:01:33.479] [INFO] access - ::1 - - "OPTIONS /bdz_eqlist/getList HTTP/1.1" 204 - "http://localhost:8081/" "Mozilla/5.0 (Windows NT 10.0; Win64; x64) AppleWebKit/537.36 (KHTML, like Gecko) Chrome/99.0.4844.51 Safari/537.36 Edg/99.0.1150.39"
[2022-03-18T11:01:33.496] [INFO] access - ::1 - - "POST /bdz_eqlist/getList HTTP/1.1" 200 891 "http://localhost:8081/" "Mozilla/5.0 (Windows NT 10.0; Win64; x64) AppleWebKit/537.36 (KHTML, like Gecko) Chrome/99.0.4844.51 Safari/537.36 Edg/99.0.1150.39"
[2022-03-18T11:01:33.497] [INFO] access - ::1 - - "POST /bdz_eqlist/getList HTTP/1.1" 200 891 "http://localhost:8081/" "Mozilla/5.0 (Windows NT 10.0; Win64; x64) AppleWebKit/537.36 (KHTML, like Gecko) Chrome/99.0.4844.51 Safari/537.36 Edg/99.0.1150.39"
[2022-03-18T11:04:44.941] [INFO] access - ::1 - - "OPTIONS /bdz_eqlist/getList HTTP/1.1" 204 - "http://localhost:8081/" "Mozilla/5.0 (Windows NT 10.0; Win64; x64) AppleWebKit/537.36 (KHTML, like Gecko) Chrome/99.0.4844.51 Safari/537.36 Edg/99.0.1150.39"
[2022-03-18T11:04:44.947] [INFO] access - ::1 - - "OPTIONS /bdz_eqlist/getList HTTP/1.1" 204 - "http://localhost:8081/" "Mozilla/5.0 (Windows NT 10.0; Win64; x64) AppleWebKit/537.36 (KHTML, like Gecko) Chrome/99.0.4844.51 Safari/537.36 Edg/99.0.1150.39"
[2022-03-18T11:04:44.964] [INFO] access - ::1 - - "POST /bdz_eqlist/getList HTTP/1.1" 200 891 "http://localhost:8081/" "Mozilla/5.0 (Windows NT 10.0; Win64; x64) AppleWebKit/537.36 (KHTML, like Gecko) Chrome/99.0.4844.51 Safari/537.36 Edg/99.0.1150.39"
[2022-03-18T11:04:44.969] [INFO] access - ::1 - - "POST /bdz_eqlist/getList HTTP/1.1" 200 891 "http://localhost:8081/" "Mozilla/5.0 (Windows NT 10.0; Win64; x64) AppleWebKit/537.36 (KHTML, like Gecko) Chrome/99.0.4844.51 Safari/537.36 Edg/99.0.1150.39"
[2022-03-18T11:05:31.587] [INFO] access - ::1 - - "OPTIONS /bdz_eqlist/getList HTTP/1.1" 204 - "http://localhost:8081/" "Mozilla/5.0 (Windows NT 10.0; Win64; x64) AppleWebKit/537.36 (KHTML, like Gecko) Chrome/99.0.4844.51 Safari/537.36 Edg/99.0.1150.39"
[2022-03-18T11:05:31.594] [INFO] access - ::1 - - "OPTIONS /bdz_eqlist/getList HTTP/1.1" 204 - "http://localhost:8081/" "Mozilla/5.0 (Windows NT 10.0; Win64; x64) AppleWebKit/537.36 (KHTML, like Gecko) Chrome/99.0.4844.51 Safari/537.36 Edg/99.0.1150.39"
[2022-03-18T11:05:31.605] [INFO] access - ::1 - - "POST /bdz_eqlist/getList HTTP/1.1" 200 891 "http://localhost:8081/" "Mozilla/5.0 (Windows NT 10.0; Win64; x64) AppleWebKit/537.36 (KHTML, like Gecko) Chrome/99.0.4844.51 Safari/537.36 Edg/99.0.1150.39"
[2022-03-18T11:05:31.607] [INFO] access - ::1 - - "POST /bdz_eqlist/getList HTTP/1.1" 200 891 "http://localhost:8081/" "Mozilla/5.0 (Windows NT 10.0; Win64; x64) AppleWebKit/537.36 (KHTML, like Gecko) Chrome/99.0.4844.51 Safari/537.36 Edg/99.0.1150.39"
[2022-03-18T11:06:03.411] [INFO] access - ::1 - - "OPTIONS /bdz_eqlist/getList HTTP/1.1" 204 - "http://localhost:8081/" "Mozilla/5.0 (Windows NT 10.0; Win64; x64) AppleWebKit/537.36 (KHTML, like Gecko) Chrome/99.0.4844.51 Safari/537.36 Edg/99.0.1150.39"
[2022-03-18T11:06:03.417] [INFO] access - ::1 - - "OPTIONS /bdz_eqlist/getList HTTP/1.1" 204 - "http://localhost:8081/" "Mozilla/5.0 (Windows NT 10.0; Win64; x64) AppleWebKit/537.36 (KHTML, like Gecko) Chrome/99.0.4844.51 Safari/537.36 Edg/99.0.1150.39"
[2022-03-18T11:06:03.432] [INFO] access - ::1 - - "POST /bdz_eqlist/getList HTTP/1.1" 200 891 "http://localhost:8081/" "Mozilla/5.0 (Windows NT 10.0; Win64; x64) AppleWebKit/537.36 (KHTML, like Gecko) Chrome/99.0.4844.51 Safari/537.36 Edg/99.0.1150.39"
[2022-03-18T11:06:03.433] [INFO] access - ::1 - - "POST /bdz_eqlist/getList HTTP/1.1" 200 891 "http://localhost:8081/" "Mozilla/5.0 (Windows NT 10.0; Win64; x64) AppleWebKit/537.36 (KHTML, like Gecko) Chrome/99.0.4844.51 Safari/537.36 Edg/99.0.1150.39"
[2022-03-18T11:06:36.093] [INFO] access - ::1 - - "OPTIONS /bdz_eqlist/insertUp HTTP/1.1" 204 - "http://localhost:8081/" "Mozilla/5.0 (Windows NT 10.0; Win64; x64) AppleWebKit/537.36 (KHTML, like Gecko) Chrome/99.0.4844.51 Safari/537.36 Edg/99.0.1150.39"
[2022-03-18T11:06:36.097] [INFO] access - ::1 - - "POST /bdz_eqlist/insertUp HTTP/1.1" 200 42 "http://localhost:8081/" "Mozilla/5.0 (Windows NT 10.0; Win64; x64) AppleWebKit/537.36 (KHTML, like Gecko) Chrome/99.0.4844.51 Safari/537.36 Edg/99.0.1150.39"
[2022-03-18T11:12:27.210] [INFO] access - ::1 - - "OPTIONS /bdz_eqlist/getList HTTP/1.1" 204 - "http://localhost:8081/" "Mozilla/5.0 (Windows NT 10.0; Win64; x64) AppleWebKit/537.36 (KHTML, like Gecko) Chrome/99.0.4844.51 Safari/537.36 Edg/99.0.1150.39"
[2022-03-18T11:12:27.214] [INFO] access - ::1 - - "OPTIONS /bdz_eqlist/getList HTTP/1.1" 204 - "http://localhost:8081/" "Mozilla/5.0 (Windows NT 10.0; Win64; x64) AppleWebKit/537.36 (KHTML, like Gecko) Chrome/99.0.4844.51 Safari/537.36 Edg/99.0.1150.39"
[2022-03-18T11:12:27.226] [INFO] access - ::1 - - "POST /bdz_eqlist/getList HTTP/1.1" 200 891 "http://localhost:8081/" "Mozilla/5.0 (Windows NT 10.0; Win64; x64) AppleWebKit/537.36 (KHTML, like Gecko) Chrome/99.0.4844.51 Safari/537.36 Edg/99.0.1150.39"
[2022-03-18T11:12:27.226] [INFO] access - ::1 - - "POST /bdz_eqlist/getList HTTP/1.1" 200 891 "http://localhost:8081/" "Mozilla/5.0 (Windows NT 10.0; Win64; x64) AppleWebKit/537.36 (KHTML, like Gecko) Chrome/99.0.4844.51 Safari/537.36 Edg/99.0.1150.39"
[2022-03-18T11:54:32.565] [INFO] access - ::ffff:10.168.1.186 - - "OPTIONS /bdz_data/getList HTTP/1.1" 204 - "http://localhost:8081/" "Mozilla/5.0 (Windows NT 10.0; Win64; x64) AppleWebKit/537.36 (KHTML, like Gecko) Chrome/99.0.4844.51 Safari/537.36 Edg/99.0.1150.39"
[2022-03-18T11:54:32.579] [INFO] access - ::ffff:10.168.1.186 - - "POST /bdz_data/getList HTTP/1.1" 200 816 "http://localhost:8081/" "Mozilla/5.0 (Windows NT 10.0; Win64; x64) AppleWebKit/537.36 (KHTML, like Gecko) Chrome/99.0.4844.51 Safari/537.36 Edg/99.0.1150.39"
[2022-03-18T11:54:32.581] [INFO] access - ::ffff:10.168.1.186 - - "GET /bdz_data/checkName HTTP/1.1" 200 139 "http://localhost:8081/" "Mozilla/5.0 (Windows NT 10.0; Win64; x64) AppleWebKit/537.36 (KHTML, like Gecko) Chrome/99.0.4844.51 Safari/537.36 Edg/99.0.1150.39"
[2022-03-18T11:54:34.389] [INFO] access - ::1 - - "OPTIONS /bdz_eqTem/getList HTTP/1.1" 204 - "http://localhost:8081/" "Mozilla/5.0 (Windows NT 10.0; Win64; x64) AppleWebKit/537.36 (KHTML, like Gecko) Chrome/99.0.4844.51 Safari/537.36 Edg/99.0.1150.39"
[2022-03-18T11:54:34.397] [INFO] access - ::1 - - "POST /bdz_eqTem/getList HTTP/1.1" 200 544 "http://localhost:8081/" "Mozilla/5.0 (Windows NT 10.0; Win64; x64) AppleWebKit/537.36 (KHTML, like Gecko) Chrome/99.0.4844.51 Safari/537.36 Edg/99.0.1150.39"
[2022-03-18T11:54:34.399] [INFO] access - ::1 - - "GET /bdz_eqTem/getTypeList HTTP/1.1" 200 140 "http://localhost:8081/" "Mozilla/5.0 (Windows NT 10.0; Win64; x64) AppleWebKit/537.36 (KHTML, like Gecko) Chrome/99.0.4844.51 Safari/537.36 Edg/99.0.1150.39"
[2022-03-18T11:54:35.702] [INFO] access - ::1 - - "OPTIONS /bdz_eqlist/getList HTTP/1.1" 204 - "http://localhost:8081/" "Mozilla/5.0 (Windows NT 10.0; Win64; x64) AppleWebKit/537.36 (KHTML, like Gecko) Chrome/99.0.4844.51 Safari/537.36 Edg/99.0.1150.39"
[2022-03-18T11:54:35.703] [INFO] access - ::1 - - "OPTIONS /bdz_eqlist/getList HTTP/1.1" 204 - "http://localhost:8081/" "Mozilla/5.0 (Windows NT 10.0; Win64; x64) AppleWebKit/537.36 (KHTML, like Gecko) Chrome/99.0.4844.51 Safari/537.36 Edg/99.0.1150.39"
[2022-03-18T11:54:35.712] [INFO] access - ::1 - - "POST /bdz_eqlist/getList HTTP/1.1" 200 891 "http://localhost:8081/" "Mozilla/5.0 (Windows NT 10.0; Win64; x64) AppleWebKit/537.36 (KHTML, like Gecko) Chrome/99.0.4844.51 Safari/537.36 Edg/99.0.1150.39"
[2022-03-18T11:54:35.714] [INFO] access - ::1 - - "POST /bdz_eqlist/getList HTTP/1.1" 200 891 "http://localhost:8081/" "Mozilla/5.0 (Windows NT 10.0; Win64; x64) AppleWebKit/537.36 (KHTML, like Gecko) Chrome/99.0.4844.51 Safari/537.36 Edg/99.0.1150.39"
[2022-03-18T11:57:36.833] [INFO] access - ::1 - - "GET /bdz_tem/importWord HTTP/1.1" 404 - "" "PostmanRuntime/7.28.3"
[2022-03-18T11:58:20.959] [INFO] access - ::1 - - "GET /bdz_tem/importWord HTTP/1.1" 500 40 "" "PostmanRuntime/7.28.3"
[2022-03-18T11:58:42.598] [INFO] access - ::1 - - "GET /bdz_tem/importWord HTTP/1.1" 500 40 "" "PostmanRuntime/7.28.3"
[2022-03-18T11:59:17.951] [INFO] access - ::1 - - "GET /bdz_tem/importWord HTTP/1.1" 500 40 "" "PostmanRuntime/7.28.3"
[2022-03-18T11:59:47.335] [INFO] access - ::1 - - "GET /bdz_tem/importWord HTTP/1.1" 500 40 "" "PostmanRuntime/7.28.3"
[2022-03-18T14:06:56.649] [INFO] access - ::1 - - "GET /bdz_tem/importWord HTTP/1.1" 404 - "" "PostmanRuntime/7.28.3"
[2022-03-18T14:10:08.390] [INFO] access - ::1 - - "GET /bdz_tem/importWord HTTP/1.1" 404 - "" "PostmanRuntime/7.28.3"
[2022-03-18T14:12:23.492] [INFO] access - ::1 - - "GET /bdz_tem/importWord HTTP/1.1" 500 40 "" "PostmanRuntime/7.28.3"
[2022-03-18T14:14:55.582] [INFO] access - ::1 - - "GET /bdz_tem/importWord HTTP/1.1" 200 - "" "PostmanRuntime/7.28.3"
[2022-03-18T14:15:56.525] [INFO] access - ::1 - - "GET /bdz_tem/importWord HTTP/1.1" 500 40 "" "PostmanRuntime/7.28.3"
[2022-03-18T14:16:45.527] [INFO] access - ::1 - - "GET /bdz_tem/importWord HTTP/1.1" 500 40 "" "PostmanRuntime/7.28.3"
[2022-03-18T14:17:59.001] [INFO] access - ::1 - - "GET /bdz_tem/importWord HTTP/1.1" 500 40 "" "PostmanRuntime/7.28.3"
[2022-03-18T14:21:27.582] [INFO] access - ::1 - - "GET /bdz_tem/importWord HTTP/1.1" 200 - "" "PostmanRuntime/7.28.3"
[2022-03-18T14:22:11.409] [INFO] access - ::1 - - "GET /bdz_tem/importWord HTTP/1.1" 500 40 "" "PostmanRuntime/7.28.3"
[2022-03-18T14:22:25.553] [INFO] access - ::1 - - "GET /bdz_tem/importWord HTTP/1.1" 200 - "" "PostmanRuntime/7.28.3"
[2022-03-18T14:23:43.862] [INFO] access - ::1 - - "GET /bdz_tem/importWord HTTP/1.1" 204 - "" "PostmanRuntime/7.28.3"
[2022-03-18T14:25:21.855] [INFO] access - ::1 - - "GET /bdz_tem/importWord HTTP/1.1" 204 - "" "PostmanRuntime/7.28.3"
[2022-03-18T14:29:55.977] [INFO] access - ::ffff:10.168.1.186 - - "OPTIONS /bdz_data/getList HTTP/1.1" 204 - "http://localhost:8081/" "Mozilla/5.0 (Windows NT 10.0; Win64; x64) AppleWebKit/537.36 (KHTML, like Gecko) Chrome/99.0.4844.51 Safari/537.36 Edg/99.0.1150.39"
[2022-03-18T14:29:56.014] [INFO] access - ::ffff:10.168.1.186 - - "POST /bdz_data/getList HTTP/1.1" 200 816 "http://localhost:8081/" "Mozilla/5.0 (Windows NT 10.0; Win64; x64) AppleWebKit/537.36 (KHTML, like Gecko) Chrome/99.0.4844.51 Safari/537.36 Edg/99.0.1150.39"
[2022-03-18T14:29:57.249] [INFO] access - ::ffff:10.168.1.186 - - "POST /bdz_data/getList HTTP/1.1" 200 816 "http://localhost:8081/" "Mozilla/5.0 (Windows NT 10.0; Win64; x64) AppleWebKit/537.36 (KHTML, like Gecko) Chrome/99.0.4844.51 Safari/537.36 Edg/99.0.1150.39"
[2022-03-18T14:29:57.255] [INFO] access - ::ffff:10.168.1.186 - - "GET /bdz_data/checkName HTTP/1.1" 200 139 "http://localhost:8081/" "Mozilla/5.0 (Windows NT 10.0; Win64; x64) AppleWebKit/537.36 (KHTML, like Gecko) Chrome/99.0.4844.51 Safari/537.36 Edg/99.0.1150.39"
[2022-03-18T14:29:59.044] [INFO] access - ::1 - - "OPTIONS /bdz_eqTem/getList HTTP/1.1" 204 - "http://localhost:8081/" "Mozilla/5.0 (Windows NT 10.0; Win64; x64) AppleWebKit/537.36 (KHTML, like Gecko) Chrome/99.0.4844.51 Safari/537.36 Edg/99.0.1150.39"
[2022-03-18T14:29:59.053] [INFO] access - ::1 - - "POST /bdz_eqTem/getList HTTP/1.1" 200 544 "http://localhost:8081/" "Mozilla/5.0 (Windows NT 10.0; Win64; x64) AppleWebKit/537.36 (KHTML, like Gecko) Chrome/99.0.4844.51 Safari/537.36 Edg/99.0.1150.39"
[2022-03-18T14:29:59.057] [INFO] access - ::1 - - "GET /bdz_eqTem/getTypeList HTTP/1.1" 200 140 "http://localhost:8081/" "Mozilla/5.0 (Windows NT 10.0; Win64; x64) AppleWebKit/537.36 (KHTML, like Gecko) Chrome/99.0.4844.51 Safari/537.36 Edg/99.0.1150.39"
[2022-03-18T14:30:00.890] [INFO] access - ::1 - - "OPTIONS /bdz_eqlist/getList HTTP/1.1" 204 - "http://localhost:8081/" "Mozilla/5.0 (Windows NT 10.0; Win64; x64) AppleWebKit/537.36 (KHTML, like Gecko) Chrome/99.0.4844.51 Safari/537.36 Edg/99.0.1150.39"
[2022-03-18T14:30:00.894] [INFO] access - ::1 - - "OPTIONS /bdz_eqlist/getList HTTP/1.1" 204 - "http://localhost:8081/" "Mozilla/5.0 (Windows NT 10.0; Win64; x64) AppleWebKit/537.36 (KHTML, like Gecko) Chrome/99.0.4844.51 Safari/537.36 Edg/99.0.1150.39"
[2022-03-18T14:30:00.904] [INFO] access - ::1 - - "POST /bdz_eqlist/getList HTTP/1.1" 200 891 "http://localhost:8081/" "Mozilla/5.0 (Windows NT 10.0; Win64; x64) AppleWebKit/537.36 (KHTML, like Gecko) Chrome/99.0.4844.51 Safari/537.36 Edg/99.0.1150.39"
[2022-03-18T14:30:00.908] [INFO] access - ::1 - - "POST /bdz_eqlist/getList HTTP/1.1" 200 891 "http://localhost:8081/" "Mozilla/5.0 (Windows NT 10.0; Win64; x64) AppleWebKit/537.36 (KHTML, like Gecko) Chrome/99.0.4844.51 Safari/537.36 Edg/99.0.1150.39"
[2022-03-18T14:30:58.420] [INFO] access - ::1 - - "OPTIONS /bdz_eqlist/getList HTTP/1.1" 204 - "http://localhost:8081/" "Mozilla/5.0 (Windows NT 10.0; Win64; x64) AppleWebKit/537.36 (KHTML, like Gecko) Chrome/99.0.4844.51 Safari/537.36 Edg/99.0.1150.39"
[2022-03-18T14:30:58.425] [INFO] access - ::1 - - "OPTIONS /bdz_eqlist/getList HTTP/1.1" 204 - "http://localhost:8081/" "Mozilla/5.0 (Windows NT 10.0; Win64; x64) AppleWebKit/537.36 (KHTML, like Gecko) Chrome/99.0.4844.51 Safari/537.36 Edg/99.0.1150.39"
[2022-03-18T14:30:58.437] [INFO] access - ::1 - - "POST /bdz_eqlist/getList HTTP/1.1" 200 891 "http://localhost:8081/" "Mozilla/5.0 (Windows NT 10.0; Win64; x64) AppleWebKit/537.36 (KHTML, like Gecko) Chrome/99.0.4844.51 Safari/537.36 Edg/99.0.1150.39"
[2022-03-18T14:30:58.439] [INFO] access - ::1 - - "POST /bdz_eqlist/getList HTTP/1.1" 200 891 "http://localhost:8081/" "Mozilla/5.0 (Windows NT 10.0; Win64; x64) AppleWebKit/537.36 (KHTML, like Gecko) Chrome/99.0.4844.51 Safari/537.36 Edg/99.0.1150.39"
[2022-03-18T14:31:05.611] [INFO] access - ::1 - - "OPTIONS /bdz_eqlist/getList HTTP/1.1" 204 - "http://localhost:8081/" "Mozilla/5.0 (Windows NT 10.0; Win64; x64) AppleWebKit/537.36 (KHTML, like Gecko) Chrome/99.0.4844.51 Safari/537.36 Edg/99.0.1150.39"
[2022-03-18T14:31:05.619] [INFO] access - ::1 - - "OPTIONS /bdz_eqlist/getList HTTP/1.1" 204 - "http://localhost:8081/" "Mozilla/5.0 (Windows NT 10.0; Win64; x64) AppleWebKit/537.36 (KHTML, like Gecko) Chrome/99.0.4844.51 Safari/537.36 Edg/99.0.1150.39"
[2022-03-18T14:31:05.630] [INFO] access - ::1 - - "POST /bdz_eqlist/getList HTTP/1.1" 200 891 "http://localhost:8081/" "Mozilla/5.0 (Windows NT 10.0; Win64; x64) AppleWebKit/537.36 (KHTML, like Gecko) Chrome/99.0.4844.51 Safari/537.36 Edg/99.0.1150.39"
[2022-03-18T14:31:05.634] [INFO] access - ::1 - - "POST /bdz_eqlist/getList HTTP/1.1" 200 891 "http://localhost:8081/" "Mozilla/5.0 (Windows NT 10.0; Win64; x64) AppleWebKit/537.36 (KHTML, like Gecko) Chrome/99.0.4844.51 Safari/537.36 Edg/99.0.1150.39"
[2022-03-18T14:33:28.843] [INFO] access - ::ffff:10.168.1.186 - - "OPTIONS /bdz_data/getList HTTP/1.1" 204 - "http://localhost:8081/" "Mozilla/5.0 (Windows NT 10.0; Win64; x64) AppleWebKit/537.36 (KHTML, like Gecko) Chrome/99.0.4844.51 Safari/537.36 Edg/99.0.1150.39"
[2022-03-18T14:33:28.854] [INFO] access - ::ffff:10.168.1.186 - - "POST /bdz_data/getList HTTP/1.1" 200 816 "http://localhost:8081/" "Mozilla/5.0 (Windows NT 10.0; Win64; x64) AppleWebKit/537.36 (KHTML, like Gecko) Chrome/99.0.4844.51 Safari/537.36 Edg/99.0.1150.39"
[2022-03-18T14:33:28.856] [INFO] access - ::ffff:10.168.1.186 - - "GET /bdz_data/checkName HTTP/1.1" 200 139 "http://localhost:8081/" "Mozilla/5.0 (Windows NT 10.0; Win64; x64) AppleWebKit/537.36 (KHTML, like Gecko) Chrome/99.0.4844.51 Safari/537.36 Edg/99.0.1150.39"
[2022-03-18T14:33:30.243] [INFO] access - ::1 - - "OPTIONS /bdz_eqTem/getList HTTP/1.1" 204 - "http://localhost:8081/" "Mozilla/5.0 (Windows NT 10.0; Win64; x64) AppleWebKit/537.36 (KHTML, like Gecko) Chrome/99.0.4844.51 Safari/537.36 Edg/99.0.1150.39"
[2022-03-18T14:33:30.250] [INFO] access - ::1 - - "POST /bdz_eqTem/getList HTTP/1.1" 200 544 "http://localhost:8081/" "Mozilla/5.0 (Windows NT 10.0; Win64; x64) AppleWebKit/537.36 (KHTML, like Gecko) Chrome/99.0.4844.51 Safari/537.36 Edg/99.0.1150.39"
[2022-03-18T14:33:30.254] [INFO] access - ::1 - - "GET /bdz_eqTem/getTypeList HTTP/1.1" 200 140 "http://localhost:8081/" "Mozilla/5.0 (Windows NT 10.0; Win64; x64) AppleWebKit/537.36 (KHTML, like Gecko) Chrome/99.0.4844.51 Safari/537.36 Edg/99.0.1150.39"
[2022-03-18T14:33:31.590] [INFO] access - ::1 - - "OPTIONS /bdz_eqlist/getList HTTP/1.1" 204 - "http://localhost:8081/" "Mozilla/5.0 (Windows NT 10.0; Win64; x64) AppleWebKit/537.36 (KHTML, like Gecko) Chrome/99.0.4844.51 Safari/537.36 Edg/99.0.1150.39"
[2022-03-18T14:33:31.593] [INFO] access - ::1 - - "OPTIONS /bdz_eqlist/getList HTTP/1.1" 204 - "http://localhost:8081/" "Mozilla/5.0 (Windows NT 10.0; Win64; x64) AppleWebKit/537.36 (KHTML, like Gecko) Chrome/99.0.4844.51 Safari/537.36 Edg/99.0.1150.39"
[2022-03-18T14:33:31.602] [INFO] access - ::1 - - "POST /bdz_eqlist/getList HTTP/1.1" 200 891 "http://localhost:8081/" "Mozilla/5.0 (Windows NT 10.0; Win64; x64) AppleWebKit/537.36 (KHTML, like Gecko) Chrome/99.0.4844.51 Safari/537.36 Edg/99.0.1150.39"
[2022-03-18T14:33:31.606] [INFO] access - ::1 - - "POST /bdz_eqlist/getList HTTP/1.1" 200 891 "http://localhost:8081/" "Mozilla/5.0 (Windows NT 10.0; Win64; x64) AppleWebKit/537.36 (KHTML, like Gecko) Chrome/99.0.4844.51 Safari/537.36 Edg/99.0.1150.39"
[2022-03-18T14:34:15.700] [INFO] access - ::1 - - "OPTIONS /bdz_eqlist/getList HTTP/1.1" 204 - "http://localhost:8081/" "Mozilla/5.0 (Windows NT 10.0; Win64; x64) AppleWebKit/537.36 (KHTML, like Gecko) Chrome/99.0.4844.51 Safari/537.36 Edg/99.0.1150.39"
[2022-03-18T14:34:15.705] [INFO] access - ::1 - - "OPTIONS /bdz_eqlist/getList HTTP/1.1" 204 - "http://localhost:8081/" "Mozilla/5.0 (Windows NT 10.0; Win64; x64) AppleWebKit/537.36 (KHTML, like Gecko) Chrome/99.0.4844.51 Safari/537.36 Edg/99.0.1150.39"
[2022-03-18T14:34:15.718] [INFO] access - ::1 - - "POST /bdz_eqlist/getList HTTP/1.1" 200 891 "http://localhost:8081/" "Mozilla/5.0 (Windows NT 10.0; Win64; x64) AppleWebKit/537.36 (KHTML, like Gecko) Chrome/99.0.4844.51 Safari/537.36 Edg/99.0.1150.39"
[2022-03-18T14:34:15.721] [INFO] access - ::1 - - "POST /bdz_eqlist/getList HTTP/1.1" 200 891 "http://localhost:8081/" "Mozilla/5.0 (Windows NT 10.0; Win64; x64) AppleWebKit/537.36 (KHTML, like Gecko) Chrome/99.0.4844.51 Safari/537.36 Edg/99.0.1150.39"
[2022-03-18T14:35:31.992] [INFO] access - ::1 - - "OPTIONS /bdz_eqlist/getList HTTP/1.1" 204 - "http://localhost:8081/" "Mozilla/5.0 (Windows NT 10.0; Win64; x64) AppleWebKit/537.36 (KHTML, like Gecko) Chrome/99.0.4844.51 Safari/537.36 Edg/99.0.1150.39"
[2022-03-18T14:35:32.004] [INFO] access - ::1 - - "OPTIONS /bdz_eqlist/getList HTTP/1.1" 204 - "http://localhost:8081/" "Mozilla/5.0 (Windows NT 10.0; Win64; x64) AppleWebKit/537.36 (KHTML, like Gecko) Chrome/99.0.4844.51 Safari/537.36 Edg/99.0.1150.39"
[2022-03-18T14:35:32.028] [INFO] access - ::1 - - "POST /bdz_eqlist/getList HTTP/1.1" 200 891 "http://localhost:8081/" "Mozilla/5.0 (Windows NT 10.0; Win64; x64) AppleWebKit/537.36 (KHTML, like Gecko) Chrome/99.0.4844.51 Safari/537.36 Edg/99.0.1150.39"
[2022-03-18T14:35:32.030] [INFO] access - ::1 - - "POST /bdz_eqlist/getList HTTP/1.1" 200 891 "http://localhost:8081/" "Mozilla/5.0 (Windows NT 10.0; Win64; x64) AppleWebKit/537.36 (KHTML, like Gecko) Chrome/99.0.4844.51 Safari/537.36 Edg/99.0.1150.39"
[2022-03-18T14:36:23.345] [INFO] access - ::1 - - "OPTIONS /bdz_eqlist/getList HTTP/1.1" 204 - "http://localhost:8081/" "Mozilla/5.0 (Windows NT 10.0; Win64; x64) AppleWebKit/537.36 (KHTML, like Gecko) Chrome/99.0.4844.51 Safari/537.36 Edg/99.0.1150.39"
[2022-03-18T14:36:23.349] [INFO] access - ::1 - - "OPTIONS /bdz_eqlist/getList HTTP/1.1" 204 - "http://localhost:8081/" "Mozilla/5.0 (Windows NT 10.0; Win64; x64) AppleWebKit/537.36 (KHTML, like Gecko) Chrome/99.0.4844.51 Safari/537.36 Edg/99.0.1150.39"
[2022-03-18T14:36:23.362] [INFO] access - ::1 - - "POST /bdz_eqlist/getList HTTP/1.1" 200 891 "http://localhost:8081/" "Mozilla/5.0 (Windows NT 10.0; Win64; x64) AppleWebKit/537.36 (KHTML, like Gecko) Chrome/99.0.4844.51 Safari/537.36 Edg/99.0.1150.39"
[2022-03-18T14:36:23.365] [INFO] access - ::1 - - "POST /bdz_eqlist/getList HTTP/1.1" 200 891 "http://localhost:8081/" "Mozilla/5.0 (Windows NT 10.0; Win64; x64) AppleWebKit/537.36 (KHTML, like Gecko) Chrome/99.0.4844.51 Safari/537.36 Edg/99.0.1150.39"
[2022-03-18T14:37:55.048] [INFO] access - ::1 - - "OPTIONS /bdz_eqlist/getList HTTP/1.1" 204 - "http://localhost:8081/" "Mozilla/5.0 (Windows NT 10.0; Win64; x64) AppleWebKit/537.36 (KHTML, like Gecko) Chrome/99.0.4844.51 Safari/537.36 Edg/99.0.1150.39"
[2022-03-18T14:37:55.051] [INFO] access - ::1 - - "OPTIONS /bdz_eqlist/getList HTTP/1.1" 204 - "http://localhost:8081/" "Mozilla/5.0 (Windows NT 10.0; Win64; x64) AppleWebKit/537.36 (KHTML, like Gecko) Chrome/99.0.4844.51 Safari/537.36 Edg/99.0.1150.39"
[2022-03-18T14:37:55.068] [INFO] access - ::1 - - "POST /bdz_eqlist/getList HTTP/1.1" 200 891 "http://localhost:8081/" "Mozilla/5.0 (Windows NT 10.0; Win64; x64) AppleWebKit/537.36 (KHTML, like Gecko) Chrome/99.0.4844.51 Safari/537.36 Edg/99.0.1150.39"
[2022-03-18T14:37:55.070] [INFO] access - ::1 - - "POST /bdz_eqlist/getList HTTP/1.1" 200 891 "http://localhost:8081/" "Mozilla/5.0 (Windows NT 10.0; Win64; x64) AppleWebKit/537.36 (KHTML, like Gecko) Chrome/99.0.4844.51 Safari/537.36 Edg/99.0.1150.39"
[2022-03-18T14:39:39.052] [INFO] access - ::1 - - "OPTIONS /bdz_eqlist/getList HTTP/1.1" 204 - "http://localhost:8081/" "Mozilla/5.0 (Windows NT 10.0; Win64; x64) AppleWebKit/537.36 (KHTML, like Gecko) Chrome/99.0.4844.51 Safari/537.36 Edg/99.0.1150.39"
[2022-03-18T14:39:39.057] [INFO] access - ::1 - - "OPTIONS /bdz_eqlist/getList HTTP/1.1" 204 - "http://localhost:8081/" "Mozilla/5.0 (Windows NT 10.0; Win64; x64) AppleWebKit/537.36 (KHTML, like Gecko) Chrome/99.0.4844.51 Safari/537.36 Edg/99.0.1150.39"
[2022-03-18T14:39:39.071] [INFO] access - ::1 - - "POST /bdz_eqlist/getList HTTP/1.1" 200 891 "http://localhost:8081/" "Mozilla/5.0 (Windows NT 10.0; Win64; x64) AppleWebKit/537.36 (KHTML, like Gecko) Chrome/99.0.4844.51 Safari/537.36 Edg/99.0.1150.39"
[2022-03-18T14:39:39.073] [INFO] access - ::1 - - "POST /bdz_eqlist/getList HTTP/1.1" 200 891 "http://localhost:8081/" "Mozilla/5.0 (Windows NT 10.0; Win64; x64) AppleWebKit/537.36 (KHTML, like Gecko) Chrome/99.0.4844.51 Safari/537.36 Edg/99.0.1150.39"
[2022-03-18T14:39:51.379] [INFO] access - ::1 - - "OPTIONS /bdz_eqlist/getList HTTP/1.1" 204 - "http://localhost:8081/" "Mozilla/5.0 (Windows NT 10.0; Win64; x64) AppleWebKit/537.36 (KHTML, like Gecko) Chrome/99.0.4844.51 Safari/537.36 Edg/99.0.1150.39"
[2022-03-18T14:39:51.385] [INFO] access - ::1 - - "OPTIONS /bdz_eqlist/getList HTTP/1.1" 204 - "http://localhost:8081/" "Mozilla/5.0 (Windows NT 10.0; Win64; x64) AppleWebKit/537.36 (KHTML, like Gecko) Chrome/99.0.4844.51 Safari/537.36 Edg/99.0.1150.39"
[2022-03-18T14:39:51.398] [INFO] access - ::1 - - "POST /bdz_eqlist/getList HTTP/1.1" 200 891 "http://localhost:8081/" "Mozilla/5.0 (Windows NT 10.0; Win64; x64) AppleWebKit/537.36 (KHTML, like Gecko) Chrome/99.0.4844.51 Safari/537.36 Edg/99.0.1150.39"
[2022-03-18T14:39:51.399] [INFO] access - ::1 - - "POST /bdz_eqlist/getList HTTP/1.1" 200 891 "http://localhost:8081/" "Mozilla/5.0 (Windows NT 10.0; Win64; x64) AppleWebKit/537.36 (KHTML, like Gecko) Chrome/99.0.4844.51 Safari/537.36 Edg/99.0.1150.39"
[2022-03-18T14:40:30.240] [INFO] access - ::1 - - "OPTIONS /bdz_eqlist/getList HTTP/1.1" 204 - "http://localhost:8081/" "Mozilla/5.0 (Windows NT 10.0; Win64; x64) AppleWebKit/537.36 (KHTML, like Gecko) Chrome/99.0.4844.51 Safari/537.36 Edg/99.0.1150.39"
[2022-03-18T14:40:30.243] [INFO] access - ::1 - - "OPTIONS /bdz_eqlist/getList HTTP/1.1" 204 - "http://localhost:8081/" "Mozilla/5.0 (Windows NT 10.0; Win64; x64) AppleWebKit/537.36 (KHTML, like Gecko) Chrome/99.0.4844.51 Safari/537.36 Edg/99.0.1150.39"
[2022-03-18T14:40:30.263] [INFO] access - ::1 - - "POST /bdz_eqlist/getList HTTP/1.1" 200 891 "http://localhost:8081/" "Mozilla/5.0 (Windows NT 10.0; Win64; x64) AppleWebKit/537.36 (KHTML, like Gecko) Chrome/99.0.4844.51 Safari/537.36 Edg/99.0.1150.39"
[2022-03-18T14:40:30.265] [INFO] access - ::1 - - "POST /bdz_eqlist/getList HTTP/1.1" 200 891 "http://localhost:8081/" "Mozilla/5.0 (Windows NT 10.0; Win64; x64) AppleWebKit/537.36 (KHTML, like Gecko) Chrome/99.0.4844.51 Safari/537.36 Edg/99.0.1150.39"
[2022-03-18T14:42:14.330] [INFO] access - ::1 - - "OPTIONS /bdz_eqlist/getList HTTP/1.1" 204 - "http://localhost:8081/" "Mozilla/5.0 (Windows NT 10.0; Win64; x64) AppleWebKit/537.36 (KHTML, like Gecko) Chrome/99.0.4844.51 Safari/537.36 Edg/99.0.1150.39"
[2022-03-18T14:42:14.338] [INFO] access - ::1 - - "OPTIONS /bdz_eqlist/getList HTTP/1.1" 204 - "http://localhost:8081/" "Mozilla/5.0 (Windows NT 10.0; Win64; x64) AppleWebKit/537.36 (KHTML, like Gecko) Chrome/99.0.4844.51 Safari/537.36 Edg/99.0.1150.39"
[2022-03-18T14:42:14.356] [INFO] access - ::1 - - "POST /bdz_eqlist/getList HTTP/1.1" 200 891 "http://localhost:8081/" "Mozilla/5.0 (Windows NT 10.0; Win64; x64) AppleWebKit/537.36 (KHTML, like Gecko) Chrome/99.0.4844.51 Safari/537.36 Edg/99.0.1150.39"
[2022-03-18T14:42:14.358] [INFO] access - ::1 - - "POST /bdz_eqlist/getList HTTP/1.1" 200 891 "http://localhost:8081/" "Mozilla/5.0 (Windows NT 10.0; Win64; x64) AppleWebKit/537.36 (KHTML, like Gecko) Chrome/99.0.4844.51 Safari/537.36 Edg/99.0.1150.39"
[2022-03-18T14:43:38.447] [INFO] access - ::1 - - "OPTIONS /bdz_eqlist/getList HTTP/1.1" 204 - "http://localhost:8081/" "Mozilla/5.0 (Windows NT 10.0; Win64; x64) AppleWebKit/537.36 (KHTML, like Gecko) Chrome/99.0.4844.51 Safari/537.36 Edg/99.0.1150.39"
[2022-03-18T14:43:38.449] [INFO] access - ::1 - - "OPTIONS /bdz_eqlist/getList HTTP/1.1" 204 - "http://localhost:8081/" "Mozilla/5.0 (Windows NT 10.0; Win64; x64) AppleWebKit/537.36 (KHTML, like Gecko) Chrome/99.0.4844.51 Safari/537.36 Edg/99.0.1150.39"
[2022-03-18T14:43:38.465] [INFO] access - ::1 - - "POST /bdz_eqlist/getList HTTP/1.1" 200 891 "http://localhost:8081/" "Mozilla/5.0 (Windows NT 10.0; Win64; x64) AppleWebKit/537.36 (KHTML, like Gecko) Chrome/99.0.4844.51 Safari/537.36 Edg/99.0.1150.39"
[2022-03-18T14:43:38.467] [INFO] access - ::1 - - "POST /bdz_eqlist/getList HTTP/1.1" 200 891 "http://localhost:8081/" "Mozilla/5.0 (Windows NT 10.0; Win64; x64) AppleWebKit/537.36 (KHTML, like Gecko) Chrome/99.0.4844.51 Safari/537.36 Edg/99.0.1150.39"
[2022-03-18T14:44:24.674] [INFO] access - ::1 - - "OPTIONS /bdz_eqlist/getList HTTP/1.1" 204 - "http://localhost:8081/" "Mozilla/5.0 (Windows NT 10.0; Win64; x64) AppleWebKit/537.36 (KHTML, like Gecko) Chrome/99.0.4844.51 Safari/537.36 Edg/99.0.1150.39"
[2022-03-18T14:44:24.680] [INFO] access - ::1 - - "OPTIONS /bdz_eqlist/getList HTTP/1.1" 204 - "http://localhost:8081/" "Mozilla/5.0 (Windows NT 10.0; Win64; x64) AppleWebKit/537.36 (KHTML, like Gecko) Chrome/99.0.4844.51 Safari/537.36 Edg/99.0.1150.39"
[2022-03-18T14:44:24.695] [INFO] access - ::1 - - "POST /bdz_eqlist/getList HTTP/1.1" 200 891 "http://localhost:8081/" "Mozilla/5.0 (Windows NT 10.0; Win64; x64) AppleWebKit/537.36 (KHTML, like Gecko) Chrome/99.0.4844.51 Safari/537.36 Edg/99.0.1150.39"
[2022-03-18T14:44:24.698] [INFO] access - ::1 - - "POST /bdz_eqlist/getList HTTP/1.1" 200 891 "http://localhost:8081/" "Mozilla/5.0 (Windows NT 10.0; Win64; x64) AppleWebKit/537.36 (KHTML, like Gecko) Chrome/99.0.4844.51 Safari/537.36 Edg/99.0.1150.39"
[2022-03-18T14:46:34.548] [INFO] access - ::1 - - "OPTIONS /bdz_eqlist/getList HTTP/1.1" 204 - "http://localhost:8081/" "Mozilla/5.0 (Windows NT 10.0; Win64; x64) AppleWebKit/537.36 (KHTML, like Gecko) Chrome/99.0.4844.51 Safari/537.36 Edg/99.0.1150.39"
[2022-03-18T14:46:34.550] [INFO] access - ::1 - - "OPTIONS /bdz_eqlist/getList HTTP/1.1" 204 - "http://localhost:8081/" "Mozilla/5.0 (Windows NT 10.0; Win64; x64) AppleWebKit/537.36 (KHTML, like Gecko) Chrome/99.0.4844.51 Safari/537.36 Edg/99.0.1150.39"
[2022-03-18T14:46:34.568] [INFO] access - ::1 - - "POST /bdz_eqlist/getList HTTP/1.1" 200 891 "http://localhost:8081/" "Mozilla/5.0 (Windows NT 10.0; Win64; x64) AppleWebKit/537.36 (KHTML, like Gecko) Chrome/99.0.4844.51 Safari/537.36 Edg/99.0.1150.39"
[2022-03-18T14:46:34.569] [INFO] access - ::1 - - "POST /bdz_eqlist/getList HTTP/1.1" 200 891 "http://localhost:8081/" "Mozilla/5.0 (Windows NT 10.0; Win64; x64) AppleWebKit/537.36 (KHTML, like Gecko) Chrome/99.0.4844.51 Safari/537.36 Edg/99.0.1150.39"
[2022-03-18T14:47:28.664] [INFO] access - ::1 - - "OPTIONS /bdz_eqlist/getList HTTP/1.1" 204 - "http://localhost:8081/" "Mozilla/5.0 (Windows NT 10.0; Win64; x64) AppleWebKit/537.36 (KHTML, like Gecko) Chrome/99.0.4844.51 Safari/537.36 Edg/99.0.1150.39"
[2022-03-18T14:47:28.668] [INFO] access - ::1 - - "OPTIONS /bdz_eqlist/getList HTTP/1.1" 204 - "http://localhost:8081/" "Mozilla/5.0 (Windows NT 10.0; Win64; x64) AppleWebKit/537.36 (KHTML, like Gecko) Chrome/99.0.4844.51 Safari/537.36 Edg/99.0.1150.39"
[2022-03-18T14:47:28.681] [INFO] access - ::1 - - "POST /bdz_eqlist/getList HTTP/1.1" 200 891 "http://localhost:8081/" "Mozilla/5.0 (Windows NT 10.0; Win64; x64) AppleWebKit/537.36 (KHTML, like Gecko) Chrome/99.0.4844.51 Safari/537.36 Edg/99.0.1150.39"
[2022-03-18T14:47:28.682] [INFO] access - ::1 - - "POST /bdz_eqlist/getList HTTP/1.1" 200 891 "http://localhost:8081/" "Mozilla/5.0 (Windows NT 10.0; Win64; x64) AppleWebKit/537.36 (KHTML, like Gecko) Chrome/99.0.4844.51 Safari/537.36 Edg/99.0.1150.39"
[2022-03-18T15:00:41.213] [INFO] access - ::1 - - "OPTIONS /bdz_eqlist/getList HTTP/1.1" 204 - "http://localhost:8081/" "Mozilla/5.0 (Windows NT 10.0; Win64; x64) AppleWebKit/537.36 (KHTML, like Gecko) Chrome/99.0.4844.51 Safari/537.36 Edg/99.0.1150.39"
[2022-03-18T15:00:41.218] [INFO] access - ::1 - - "OPTIONS /bdz_eqlist/getList HTTP/1.1" 204 - "http://localhost:8081/" "Mozilla/5.0 (Windows NT 10.0; Win64; x64) AppleWebKit/537.36 (KHTML, like Gecko) Chrome/99.0.4844.51 Safari/537.36 Edg/99.0.1150.39"
[2022-03-18T15:00:41.232] [INFO] access - ::1 - - "POST /bdz_eqlist/getList HTTP/1.1" 200 891 "http://localhost:8081/" "Mozilla/5.0 (Windows NT 10.0; Win64; x64) AppleWebKit/537.36 (KHTML, like Gecko) Chrome/99.0.4844.51 Safari/537.36 Edg/99.0.1150.39"
[2022-03-18T15:00:41.236] [INFO] access - ::1 - - "POST /bdz_eqlist/getList HTTP/1.1" 200 891 "http://localhost:8081/" "Mozilla/5.0 (Windows NT 10.0; Win64; x64) AppleWebKit/537.36 (KHTML, like Gecko) Chrome/99.0.4844.51 Safari/537.36 Edg/99.0.1150.39"
[2022-03-18T15:02:58.224] [INFO] access - ::1 - - "OPTIONS /bdz_eqlist/getList HTTP/1.1" 204 - "http://localhost:8081/" "Mozilla/5.0 (Windows NT 10.0; Win64; x64) AppleWebKit/537.36 (KHTML, like Gecko) Chrome/99.0.4844.51 Safari/537.36 Edg/99.0.1150.39"
[2022-03-18T15:02:58.230] [INFO] access - ::1 - - "OPTIONS /bdz_eqlist/getList HTTP/1.1" 204 - "http://localhost:8081/" "Mozilla/5.0 (Windows NT 10.0; Win64; x64) AppleWebKit/537.36 (KHTML, like Gecko) Chrome/99.0.4844.51 Safari/537.36 Edg/99.0.1150.39"
[2022-03-18T15:02:58.243] [INFO] access - ::1 - - "POST /bdz_eqlist/getList HTTP/1.1" 200 891 "http://localhost:8081/" "Mozilla/5.0 (Windows NT 10.0; Win64; x64) AppleWebKit/537.36 (KHTML, like Gecko) Chrome/99.0.4844.51 Safari/537.36 Edg/99.0.1150.39"
[2022-03-18T15:02:58.245] [INFO] access - ::1 - - "POST /bdz_eqlist/getList HTTP/1.1" 200 891 "http://localhost:8081/" "Mozilla/5.0 (Windows NT 10.0; Win64; x64) AppleWebKit/537.36 (KHTML, like Gecko) Chrome/99.0.4844.51 Safari/537.36 Edg/99.0.1150.39"
[2022-03-18T15:04:47.616] [INFO] access - ::1 - - "OPTIONS /bdz_eqlist/getList HTTP/1.1" 204 - "http://localhost:8081/" "Mozilla/5.0 (Windows NT 10.0; Win64; x64) AppleWebKit/537.36 (KHTML, like Gecko) Chrome/99.0.4844.51 Safari/537.36 Edg/99.0.1150.39"
[2022-03-18T15:04:47.622] [INFO] access - ::1 - - "OPTIONS /bdz_eqlist/getList HTTP/1.1" 204 - "http://localhost:8081/" "Mozilla/5.0 (Windows NT 10.0; Win64; x64) AppleWebKit/537.36 (KHTML, like Gecko) Chrome/99.0.4844.51 Safari/537.36 Edg/99.0.1150.39"
[2022-03-18T15:04:47.635] [INFO] access - ::1 - - "POST /bdz_eqlist/getList HTTP/1.1" 200 891 "http://localhost:8081/" "Mozilla/5.0 (Windows NT 10.0; Win64; x64) AppleWebKit/537.36 (KHTML, like Gecko) Chrome/99.0.4844.51 Safari/537.36 Edg/99.0.1150.39"
[2022-03-18T15:04:47.637] [INFO] access - ::1 - - "POST /bdz_eqlist/getList HTTP/1.1" 200 891 "http://localhost:8081/" "Mozilla/5.0 (Windows NT 10.0; Win64; x64) AppleWebKit/537.36 (KHTML, like Gecko) Chrome/99.0.4844.51 Safari/537.36 Edg/99.0.1150.39"
[2022-03-18T15:05:35.310] [INFO] access - ::1 - - "OPTIONS /bdz_eqlist/getList HTTP/1.1" 204 - "http://localhost:8081/" "Mozilla/5.0 (Windows NT 10.0; Win64; x64) AppleWebKit/537.36 (KHTML, like Gecko) Chrome/99.0.4844.51 Safari/537.36 Edg/99.0.1150.39"
[2022-03-18T15:05:35.312] [INFO] access - ::1 - - "OPTIONS /bdz_eqlist/getList HTTP/1.1" 204 - "http://localhost:8081/" "Mozilla/5.0 (Windows NT 10.0; Win64; x64) AppleWebKit/537.36 (KHTML, like Gecko) Chrome/99.0.4844.51 Safari/537.36 Edg/99.0.1150.39"
[2022-03-18T15:05:35.331] [INFO] access - ::1 - - "POST /bdz_eqlist/getList HTTP/1.1" 200 891 "http://localhost:8081/" "Mozilla/5.0 (Windows NT 10.0; Win64; x64) AppleWebKit/537.36 (KHTML, like Gecko) Chrome/99.0.4844.51 Safari/537.36 Edg/99.0.1150.39"
[2022-03-18T15:05:35.337] [INFO] access - ::1 - - "POST /bdz_eqlist/getList HTTP/1.1" 200 891 "http://localhost:8081/" "Mozilla/5.0 (Windows NT 10.0; Win64; x64) AppleWebKit/537.36 (KHTML, like Gecko) Chrome/99.0.4844.51 Safari/537.36 Edg/99.0.1150.39"
[2022-03-18T15:07:25.942] [INFO] access - ::1 - - "OPTIONS /bdz_eqlist/getList HTTP/1.1" 204 - "http://localhost:8081/" "Mozilla/5.0 (Windows NT 10.0; Win64; x64) AppleWebKit/537.36 (KHTML, like Gecko) Chrome/99.0.4844.51 Safari/537.36 Edg/99.0.1150.39"
[2022-03-18T15:07:25.947] [INFO] access - ::1 - - "OPTIONS /bdz_eqlist/getList HTTP/1.1" 204 - "http://localhost:8081/" "Mozilla/5.0 (Windows NT 10.0; Win64; x64) AppleWebKit/537.36 (KHTML, like Gecko) Chrome/99.0.4844.51 Safari/537.36 Edg/99.0.1150.39"
[2022-03-18T15:07:25.958] [INFO] access - ::1 - - "POST /bdz_eqlist/getList HTTP/1.1" 200 891 "http://localhost:8081/" "Mozilla/5.0 (Windows NT 10.0; Win64; x64) AppleWebKit/537.36 (KHTML, like Gecko) Chrome/99.0.4844.51 Safari/537.36 Edg/99.0.1150.39"
[2022-03-18T15:07:25.960] [INFO] access - ::1 - - "POST /bdz_eqlist/getList HTTP/1.1" 200 891 "http://localhost:8081/" "Mozilla/5.0 (Windows NT 10.0; Win64; x64) AppleWebKit/537.36 (KHTML, like Gecko) Chrome/99.0.4844.51 Safari/537.36 Edg/99.0.1150.39"
[2022-03-18T15:10:55.145] [INFO] access - ::1 - - "OPTIONS /bdz_eqlist/getList HTTP/1.1" 204 - "http://localhost:8081/" "Mozilla/5.0 (Windows NT 10.0; Win64; x64) AppleWebKit/537.36 (KHTML, like Gecko) Chrome/99.0.4844.51 Safari/537.36 Edg/99.0.1150.39"
[2022-03-18T15:10:55.153] [INFO] access - ::1 - - "OPTIONS /bdz_eqlist/getList HTTP/1.1" 204 - "http://localhost:8081/" "Mozilla/5.0 (Windows NT 10.0; Win64; x64) AppleWebKit/537.36 (KHTML, like Gecko) Chrome/99.0.4844.51 Safari/537.36 Edg/99.0.1150.39"
[2022-03-18T15:10:55.167] [INFO] access - ::1 - - "POST /bdz_eqlist/getList HTTP/1.1" 200 891 "http://localhost:8081/" "Mozilla/5.0 (Windows NT 10.0; Win64; x64) AppleWebKit/537.36 (KHTML, like Gecko) Chrome/99.0.4844.51 Safari/537.36 Edg/99.0.1150.39"
[2022-03-18T15:10:55.167] [INFO] access - ::1 - - "POST /bdz_eqlist/getList HTTP/1.1" 200 891 "http://localhost:8081/" "Mozilla/5.0 (Windows NT 10.0; Win64; x64) AppleWebKit/537.36 (KHTML, like Gecko) Chrome/99.0.4844.51 Safari/537.36 Edg/99.0.1150.39"
[2022-03-18T15:12:51.167] [INFO] access - ::1 - - "OPTIONS /bdz_eqlist/getList HTTP/1.1" 204 - "http://localhost:8081/" "Mozilla/5.0 (Windows NT 10.0; Win64; x64) AppleWebKit/537.36 (KHTML, like Gecko) Chrome/99.0.4844.51 Safari/537.36 Edg/99.0.1150.39"
[2022-03-18T15:12:51.173] [INFO] access - ::1 - - "OPTIONS /bdz_eqlist/getList HTTP/1.1" 204 - "http://localhost:8081/" "Mozilla/5.0 (Windows NT 10.0; Win64; x64) AppleWebKit/537.36 (KHTML, like Gecko) Chrome/99.0.4844.51 Safari/537.36 Edg/99.0.1150.39"
[2022-03-18T15:12:51.183] [INFO] access - ::1 - - "POST /bdz_eqlist/getList HTTP/1.1" 200 891 "http://localhost:8081/" "Mozilla/5.0 (Windows NT 10.0; Win64; x64) AppleWebKit/537.36 (KHTML, like Gecko) Chrome/99.0.4844.51 Safari/537.36 Edg/99.0.1150.39"
[2022-03-18T15:12:51.187] [INFO] access - ::1 - - "POST /bdz_eqlist/getList HTTP/1.1" 200 891 "http://localhost:8081/" "Mozilla/5.0 (Windows NT 10.0; Win64; x64) AppleWebKit/537.36 (KHTML, like Gecko) Chrome/99.0.4844.51 Safari/537.36 Edg/99.0.1150.39"
[2022-03-18T15:13:27.059] [INFO] access - ::1 - - "OPTIONS /bdz_eqlist/getList HTTP/1.1" 204 - "http://localhost:8081/" "Mozilla/5.0 (Windows NT 10.0; Win64; x64) AppleWebKit/537.36 (KHTML, like Gecko) Chrome/99.0.4844.51 Safari/537.36 Edg/99.0.1150.39"
[2022-03-18T15:13:27.061] [INFO] access - ::1 - - "OPTIONS /bdz_eqlist/getList HTTP/1.1" 204 - "http://localhost:8081/" "Mozilla/5.0 (Windows NT 10.0; Win64; x64) AppleWebKit/537.36 (KHTML, like Gecko) Chrome/99.0.4844.51 Safari/537.36 Edg/99.0.1150.39"
[2022-03-18T15:13:27.076] [INFO] access - ::1 - - "POST /bdz_eqlist/getList HTTP/1.1" 200 891 "http://localhost:8081/" "Mozilla/5.0 (Windows NT 10.0; Win64; x64) AppleWebKit/537.36 (KHTML, like Gecko) Chrome/99.0.4844.51 Safari/537.36 Edg/99.0.1150.39"
[2022-03-18T15:13:27.077] [INFO] access - ::1 - - "POST /bdz_eqlist/getList HTTP/1.1" 200 891 "http://localhost:8081/" "Mozilla/5.0 (Windows NT 10.0; Win64; x64) AppleWebKit/537.36 (KHTML, like Gecko) Chrome/99.0.4844.51 Safari/537.36 Edg/99.0.1150.39"
[2022-03-18T15:29:11.904] [INFO] access - ::ffff:10.168.1.186 - - "OPTIONS /bdz_data/getList HTTP/1.1" 204 - "http://localhost:8081/" "Mozilla/5.0 (Windows NT 10.0; Win64; x64) AppleWebKit/537.36 (KHTML, like Gecko) Chrome/99.0.4844.51 Safari/537.36 Edg/99.0.1150.39"
[2022-03-18T15:29:11.916] [INFO] access - ::ffff:10.168.1.186 - - "POST /bdz_data/getList HTTP/1.1" 200 816 "http://localhost:8081/" "Mozilla/5.0 (Windows NT 10.0; Win64; x64) AppleWebKit/537.36 (KHTML, like Gecko) Chrome/99.0.4844.51 Safari/537.36 Edg/99.0.1150.39"
[2022-03-18T15:29:11.917] [INFO] access - ::ffff:10.168.1.186 - - "GET /bdz_data/checkName HTTP/1.1" 200 139 "http://localhost:8081/" "Mozilla/5.0 (Windows NT 10.0; Win64; x64) AppleWebKit/537.36 (KHTML, like Gecko) Chrome/99.0.4844.51 Safari/537.36 Edg/99.0.1150.39"
[2022-03-18T15:29:13.672] [INFO] access - ::1 - - "OPTIONS /bdz_eqTem/getList HTTP/1.1" 204 - "http://localhost:8081/" "Mozilla/5.0 (Windows NT 10.0; Win64; x64) AppleWebKit/537.36 (KHTML, like Gecko) Chrome/99.0.4844.51 Safari/537.36 Edg/99.0.1150.39"
[2022-03-18T15:29:13.678] [INFO] access - ::1 - - "POST /bdz_eqTem/getList HTTP/1.1" 200 544 "http://localhost:8081/" "Mozilla/5.0 (Windows NT 10.0; Win64; x64) AppleWebKit/537.36 (KHTML, like Gecko) Chrome/99.0.4844.51 Safari/537.36 Edg/99.0.1150.39"
[2022-03-18T15:29:13.681] [INFO] access - ::1 - - "GET /bdz_eqTem/getTypeList HTTP/1.1" 200 140 "http://localhost:8081/" "Mozilla/5.0 (Windows NT 10.0; Win64; x64) AppleWebKit/537.36 (KHTML, like Gecko) Chrome/99.0.4844.51 Safari/537.36 Edg/99.0.1150.39"
[2022-03-18T16:10:16.388] [INFO] access - ::ffff:10.168.1.186 - - "OPTIONS /bdz_data/getList HTTP/1.1" 204 - "http://localhost:8081/" "Mozilla/5.0 (Windows NT 10.0; Win64; x64) AppleWebKit/537.36 (KHTML, like Gecko) Chrome/99.0.4844.51 Safari/537.36 Edg/99.0.1150.39"
[2022-03-18T16:10:16.397] [INFO] access - ::ffff:10.168.1.186 - - "POST /bdz_data/getList HTTP/1.1" 200 816 "http://localhost:8081/" "Mozilla/5.0 (Windows NT 10.0; Win64; x64) AppleWebKit/537.36 (KHTML, like Gecko) Chrome/99.0.4844.51 Safari/537.36 Edg/99.0.1150.39"
[2022-03-18T16:10:35.554] [INFO] access - ::ffff:10.168.1.186 - - "OPTIONS /bdz_data/getList HTTP/1.1" 204 - "http://localhost:8081/" "Mozilla/5.0 (Windows NT 10.0; Win64; x64) AppleWebKit/537.36 (KHTML, like Gecko) Chrome/99.0.4844.51 Safari/537.36 Edg/99.0.1150.39"
[2022-03-18T16:10:35.562] [INFO] access - ::ffff:10.168.1.186 - - "POST /bdz_data/getList HTTP/1.1" 200 816 "http://localhost:8081/" "Mozilla/5.0 (Windows NT 10.0; Win64; x64) AppleWebKit/537.36 (KHTML, like Gecko) Chrome/99.0.4844.51 Safari/537.36 Edg/99.0.1150.39"
[2022-03-18T16:10:39.068] [INFO] access - ::ffff:10.168.1.186 - - "POST /bdz_data/getList HTTP/1.1" 200 816 "http://localhost:8081/" "Mozilla/5.0 (Windows NT 10.0; Win64; x64) AppleWebKit/537.36 (KHTML, like Gecko) Chrome/99.0.4844.51 Safari/537.36 Edg/99.0.1150.39"
[2022-03-18T16:10:39.072] [INFO] access - ::ffff:10.168.1.186 - - "GET /bdz_data/checkName HTTP/1.1" 200 139 "http://localhost:8081/" "Mozilla/5.0 (Windows NT 10.0; Win64; x64) AppleWebKit/537.36 (KHTML, like Gecko) Chrome/99.0.4844.51 Safari/537.36 Edg/99.0.1150.39"
[2022-03-18T16:10:42.981] [INFO] access - ::1 - - "OPTIONS /bdz_eqTem/getList HTTP/1.1" 204 - "http://localhost:8081/" "Mozilla/5.0 (Windows NT 10.0; Win64; x64) AppleWebKit/537.36 (KHTML, like Gecko) Chrome/99.0.4844.51 Safari/537.36 Edg/99.0.1150.39"
[2022-03-18T16:10:42.986] [INFO] access - ::1 - - "POST /bdz_eqTem/getList HTTP/1.1" 200 544 "http://localhost:8081/" "Mozilla/5.0 (Windows NT 10.0; Win64; x64) AppleWebKit/537.36 (KHTML, like Gecko) Chrome/99.0.4844.51 Safari/537.36 Edg/99.0.1150.39"
[2022-03-18T16:10:42.990] [INFO] access - ::1 - - "GET /bdz_eqTem/getTypeList HTTP/1.1" 200 140 "http://localhost:8081/" "Mozilla/5.0 (Windows NT 10.0; Win64; x64) AppleWebKit/537.36 (KHTML, like Gecko) Chrome/99.0.4844.51 Safari/537.36 Edg/99.0.1150.39"
[2022-03-18T16:10:44.756] [INFO] access - ::1 - - "OPTIONS /bdz_eqlist/getList HTTP/1.1" 204 - "http://localhost:8081/" "Mozilla/5.0 (Windows NT 10.0; Win64; x64) AppleWebKit/537.36 (KHTML, like Gecko) Chrome/99.0.4844.51 Safari/537.36 Edg/99.0.1150.39"
[2022-03-18T16:10:44.758] [INFO] access - ::1 - - "OPTIONS /bdz_eqlist/getList HTTP/1.1" 204 - "http://localhost:8081/" "Mozilla/5.0 (Windows NT 10.0; Win64; x64) AppleWebKit/537.36 (KHTML, like Gecko) Chrome/99.0.4844.51 Safari/537.36 Edg/99.0.1150.39"
[2022-03-18T16:10:44.767] [INFO] access - ::1 - - "POST /bdz_eqlist/getList HTTP/1.1" 200 891 "http://localhost:8081/" "Mozilla/5.0 (Windows NT 10.0; Win64; x64) AppleWebKit/537.36 (KHTML, like Gecko) Chrome/99.0.4844.51 Safari/537.36 Edg/99.0.1150.39"
[2022-03-18T16:10:44.767] [INFO] access - ::1 - - "POST /bdz_eqlist/getList HTTP/1.1" 200 891 "http://localhost:8081/" "Mozilla/5.0 (Windows NT 10.0; Win64; x64) AppleWebKit/537.36 (KHTML, like Gecko) Chrome/99.0.4844.51 Safari/537.36 Edg/99.0.1150.39"
[2022-03-18T16:11:56.685] [INFO] access - ::1 - - "OPTIONS /bdz_eqlist/getList HTTP/1.1" 204 - "http://localhost:8081/" "Mozilla/5.0 (Windows NT 10.0; Win64; x64) AppleWebKit/537.36 (KHTML, like Gecko) Chrome/99.0.4844.51 Safari/537.36 Edg/99.0.1150.39"
[2022-03-18T16:11:56.691] [INFO] access - ::1 - - "OPTIONS /bdz_eqlist/getList HTTP/1.1" 204 - "http://localhost:8081/" "Mozilla/5.0 (Windows NT 10.0; Win64; x64) AppleWebKit/537.36 (KHTML, like Gecko) Chrome/99.0.4844.51 Safari/537.36 Edg/99.0.1150.39"
[2022-03-18T16:11:56.704] [INFO] access - ::1 - - "POST /bdz_eqlist/getList HTTP/1.1" 200 891 "http://localhost:8081/" "Mozilla/5.0 (Windows NT 10.0; Win64; x64) AppleWebKit/537.36 (KHTML, like Gecko) Chrome/99.0.4844.51 Safari/537.36 Edg/99.0.1150.39"
[2022-03-18T16:11:56.706] [INFO] access - ::1 - - "POST /bdz_eqlist/getList HTTP/1.1" 200 891 "http://localhost:8081/" "Mozilla/5.0 (Windows NT 10.0; Win64; x64) AppleWebKit/537.36 (KHTML, like Gecko) Chrome/99.0.4844.51 Safari/537.36 Edg/99.0.1150.39"
[2022-03-18T16:12:46.720] [INFO] access - ::1 - - "OPTIONS /bdz_eqlist/getList HTTP/1.1" 204 - "http://localhost:8081/" "Mozilla/5.0 (Windows NT 10.0; Win64; x64) AppleWebKit/537.36 (KHTML, like Gecko) Chrome/99.0.4844.51 Safari/537.36 Edg/99.0.1150.39"
[2022-03-18T16:12:46.726] [INFO] access - ::1 - - "OPTIONS /bdz_eqlist/getList HTTP/1.1" 204 - "http://localhost:8081/" "Mozilla/5.0 (Windows NT 10.0; Win64; x64) AppleWebKit/537.36 (KHTML, like Gecko) Chrome/99.0.4844.51 Safari/537.36 Edg/99.0.1150.39"
[2022-03-18T16:12:46.740] [INFO] access - ::1 - - "POST /bdz_eqlist/getList HTTP/1.1" 200 891 "http://localhost:8081/" "Mozilla/5.0 (Windows NT 10.0; Win64; x64) AppleWebKit/537.36 (KHTML, like Gecko) Chrome/99.0.4844.51 Safari/537.36 Edg/99.0.1150.39"
[2022-03-18T16:12:46.740] [INFO] access - ::1 - - "POST /bdz_eqlist/getList HTTP/1.1" 200 891 "http://localhost:8081/" "Mozilla/5.0 (Windows NT 10.0; Win64; x64) AppleWebKit/537.36 (KHTML, like Gecko) Chrome/99.0.4844.51 Safari/537.36 Edg/99.0.1150.39"
[2022-03-18T16:12:50.241] [INFO] access - ::1 - - "POST /bdz_eqlist/getList HTTP/1.1" 200 891 "http://localhost:8081/" "Mozilla/5.0 (Windows NT 10.0; Win64; x64) AppleWebKit/537.36 (KHTML, like Gecko) Chrome/99.0.4844.51 Safari/537.36 Edg/99.0.1150.39"
[2022-03-18T16:12:50.243] [INFO] access - ::1 - - "POST /bdz_eqlist/getList HTTP/1.1" 200 891 "http://localhost:8081/" "Mozilla/5.0 (Windows NT 10.0; Win64; x64) AppleWebKit/537.36 (KHTML, like Gecko) Chrome/99.0.4844.51 Safari/537.36 Edg/99.0.1150.39"
[2022-03-18T16:15:34.143] [INFO] access - ::1 - - "OPTIONS /bdz_eqlist/getList HTTP/1.1" 204 - "http://localhost:8081/" "Mozilla/5.0 (Windows NT 10.0; Win64; x64) AppleWebKit/537.36 (KHTML, like Gecko) Chrome/99.0.4844.51 Safari/537.36 Edg/99.0.1150.39"
[2022-03-18T16:15:34.145] [INFO] access - ::1 - - "OPTIONS /bdz_eqlist/getList HTTP/1.1" 204 - "http://localhost:8081/" "Mozilla/5.0 (Windows NT 10.0; Win64; x64) AppleWebKit/537.36 (KHTML, like Gecko) Chrome/99.0.4844.51 Safari/537.36 Edg/99.0.1150.39"
[2022-03-18T16:15:34.158] [INFO] access - ::1 - - "POST /bdz_eqlist/getList HTTP/1.1" 200 891 "http://localhost:8081/" "Mozilla/5.0 (Windows NT 10.0; Win64; x64) AppleWebKit/537.36 (KHTML, like Gecko) Chrome/99.0.4844.51 Safari/537.36 Edg/99.0.1150.39"
[2022-03-18T16:15:34.160] [INFO] access - ::1 - - "POST /bdz_eqlist/getList HTTP/1.1" 200 891 "http://localhost:8081/" "Mozilla/5.0 (Windows NT 10.0; Win64; x64) AppleWebKit/537.36 (KHTML, like Gecko) Chrome/99.0.4844.51 Safari/537.36 Edg/99.0.1150.39"
[2022-03-18T16:16:26.768] [INFO] access - ::1 - - "OPTIONS /bdz_eqlist/getList HTTP/1.1" 204 - "http://localhost:8081/" "Mozilla/5.0 (Windows NT 10.0; Win64; x64) AppleWebKit/537.36 (KHTML, like Gecko) Chrome/99.0.4844.51 Safari/537.36 Edg/99.0.1150.39"
[2022-03-18T16:16:26.775] [INFO] access - ::1 - - "OPTIONS /bdz_eqlist/getList HTTP/1.1" 204 - "http://localhost:8081/" "Mozilla/5.0 (Windows NT 10.0; Win64; x64) AppleWebKit/537.36 (KHTML, like Gecko) Chrome/99.0.4844.51 Safari/537.36 Edg/99.0.1150.39"
[2022-03-18T16:16:26.786] [INFO] access - ::1 - - "POST /bdz_eqlist/getList HTTP/1.1" 200 891 "http://localhost:8081/" "Mozilla/5.0 (Windows NT 10.0; Win64; x64) AppleWebKit/537.36 (KHTML, like Gecko) Chrome/99.0.4844.51 Safari/537.36 Edg/99.0.1150.39"
[2022-03-18T16:16:26.789] [INFO] access - ::1 - - "POST /bdz_eqlist/getList HTTP/1.1" 200 891 "http://localhost:8081/" "Mozilla/5.0 (Windows NT 10.0; Win64; x64) AppleWebKit/537.36 (KHTML, like Gecko) Chrome/99.0.4844.51 Safari/537.36 Edg/99.0.1150.39"
[2022-03-18T16:17:01.152] [INFO] access - ::1 - - "OPTIONS /bdz_eqlist/getList HTTP/1.1" 204 - "http://localhost:8081/" "Mozilla/5.0 (Windows NT 10.0; Win64; x64) AppleWebKit/537.36 (KHTML, like Gecko) Chrome/99.0.4844.51 Safari/537.36 Edg/99.0.1150.39"
[2022-03-18T16:17:01.158] [INFO] access - ::1 - - "OPTIONS /bdz_eqlist/getList HTTP/1.1" 204 - "http://localhost:8081/" "Mozilla/5.0 (Windows NT 10.0; Win64; x64) AppleWebKit/537.36 (KHTML, like Gecko) Chrome/99.0.4844.51 Safari/537.36 Edg/99.0.1150.39"
[2022-03-18T16:17:01.171] [INFO] access - ::1 - - "POST /bdz_eqlist/getList HTTP/1.1" 200 891 "http://localhost:8081/" "Mozilla/5.0 (Windows NT 10.0; Win64; x64) AppleWebKit/537.36 (KHTML, like Gecko) Chrome/99.0.4844.51 Safari/537.36 Edg/99.0.1150.39"
[2022-03-18T16:17:01.172] [INFO] access - ::1 - - "POST /bdz_eqlist/getList HTTP/1.1" 200 891 "http://localhost:8081/" "Mozilla/5.0 (Windows NT 10.0; Win64; x64) AppleWebKit/537.36 (KHTML, like Gecko) Chrome/99.0.4844.51 Safari/537.36 Edg/99.0.1150.39"
[2022-03-18T16:23:28.574] [INFO] access - ::ffff:10.168.1.186 - - "OPTIONS /bdz_data/getList HTTP/1.1" 204 - "http://localhost:8081/" "Mozilla/5.0 (Windows NT 10.0; Win64; x64) AppleWebKit/537.36 (KHTML, like Gecko) Chrome/99.0.4844.51 Safari/537.36 Edg/99.0.1150.39"
[2022-03-18T16:23:28.584] [INFO] access - ::ffff:10.168.1.186 - - "POST /bdz_data/getList HTTP/1.1" 200 816 "http://localhost:8081/" "Mozilla/5.0 (Windows NT 10.0; Win64; x64) AppleWebKit/537.36 (KHTML, like Gecko) Chrome/99.0.4844.51 Safari/537.36 Edg/99.0.1150.39"
[2022-03-18T16:23:28.586] [INFO] access - ::ffff:10.168.1.186 - - "GET /bdz_data/checkName HTTP/1.1" 200 139 "http://localhost:8081/" "Mozilla/5.0 (Windows NT 10.0; Win64; x64) AppleWebKit/537.36 (KHTML, like Gecko) Chrome/99.0.4844.51 Safari/537.36 Edg/99.0.1150.39"
[2022-03-18T16:23:30.390] [INFO] access - ::1 - - "OPTIONS /bdz_eqTem/getList HTTP/1.1" 204 - "http://localhost:8081/" "Mozilla/5.0 (Windows NT 10.0; Win64; x64) AppleWebKit/537.36 (KHTML, like Gecko) Chrome/99.0.4844.51 Safari/537.36 Edg/99.0.1150.39"
[2022-03-18T16:23:30.396] [INFO] access - ::1 - - "POST /bdz_eqTem/getList HTTP/1.1" 200 544 "http://localhost:8081/" "Mozilla/5.0 (Windows NT 10.0; Win64; x64) AppleWebKit/537.36 (KHTML, like Gecko) Chrome/99.0.4844.51 Safari/537.36 Edg/99.0.1150.39"
[2022-03-18T16:23:30.398] [INFO] access - ::1 - - "GET /bdz_eqTem/getTypeList HTTP/1.1" 200 140 "http://localhost:8081/" "Mozilla/5.0 (Windows NT 10.0; Win64; x64) AppleWebKit/537.36 (KHTML, like Gecko) Chrome/99.0.4844.51 Safari/537.36 Edg/99.0.1150.39"
[2022-03-18T16:23:32.478] [INFO] access - ::1 - - "OPTIONS /bdz_eqlist/getList HTTP/1.1" 204 - "http://localhost:8081/" "Mozilla/5.0 (Windows NT 10.0; Win64; x64) AppleWebKit/537.36 (KHTML, like Gecko) Chrome/99.0.4844.51 Safari/537.36 Edg/99.0.1150.39"
[2022-03-18T16:23:32.481] [INFO] access - ::1 - - "OPTIONS /bdz_eqlist/getList HTTP/1.1" 204 - "http://localhost:8081/" "Mozilla/5.0 (Windows NT 10.0; Win64; x64) AppleWebKit/537.36 (KHTML, like Gecko) Chrome/99.0.4844.51 Safari/537.36 Edg/99.0.1150.39"
[2022-03-18T16:23:32.489] [INFO] access - ::1 - - "POST /bdz_eqlist/getList HTTP/1.1" 200 891 "http://localhost:8081/" "Mozilla/5.0 (Windows NT 10.0; Win64; x64) AppleWebKit/537.36 (KHTML, like Gecko) Chrome/99.0.4844.51 Safari/537.36 Edg/99.0.1150.39"
[2022-03-18T16:23:32.492] [INFO] access - ::1 - - "POST /bdz_eqlist/getList HTTP/1.1" 200 891 "http://localhost:8081/" "Mozilla/5.0 (Windows NT 10.0; Win64; x64) AppleWebKit/537.36 (KHTML, like Gecko) Chrome/99.0.4844.51 Safari/537.36 Edg/99.0.1150.39"
[2022-03-18T16:32:00.055] [INFO] access - ::ffff:10.168.1.186 - - "OPTIONS /bdz_data/getList HTTP/1.1" 204 - "http://localhost:8081/" "Mozilla/5.0 (Windows NT 10.0; Win64; x64) AppleWebKit/537.36 (KHTML, like Gecko) Chrome/99.0.4844.51 Safari/537.36 Edg/99.0.1150.39"
[2022-03-18T16:32:00.065] [INFO] access - ::ffff:10.168.1.186 - - "POST /bdz_data/getList HTTP/1.1" 200 816 "http://localhost:8081/" "Mozilla/5.0 (Windows NT 10.0; Win64; x64) AppleWebKit/537.36 (KHTML, like Gecko) Chrome/99.0.4844.51 Safari/537.36 Edg/99.0.1150.39"
[2022-03-18T16:32:00.067] [INFO] access - ::ffff:10.168.1.186 - - "GET /bdz_data/checkName HTTP/1.1" 200 139 "http://localhost:8081/" "Mozilla/5.0 (Windows NT 10.0; Win64; x64) AppleWebKit/537.36 (KHTML, like Gecko) Chrome/99.0.4844.51 Safari/537.36 Edg/99.0.1150.39"
[2022-03-18T16:32:01.941] [INFO] access - ::1 - - "OPTIONS /bdz_eqTem/getList HTTP/1.1" 204 - "http://localhost:8081/" "Mozilla/5.0 (Windows NT 10.0; Win64; x64) AppleWebKit/537.36 (KHTML, like Gecko) Chrome/99.0.4844.51 Safari/537.36 Edg/99.0.1150.39"
[2022-03-18T16:32:01.949] [INFO] access - ::1 - - "POST /bdz_eqTem/getList HTTP/1.1" 200 544 "http://localhost:8081/" "Mozilla/5.0 (Windows NT 10.0; Win64; x64) AppleWebKit/537.36 (KHTML, like Gecko) Chrome/99.0.4844.51 Safari/537.36 Edg/99.0.1150.39"
[2022-03-18T16:32:01.951] [INFO] access - ::1 - - "GET /bdz_eqTem/getTypeList HTTP/1.1" 200 140 "http://localhost:8081/" "Mozilla/5.0 (Windows NT 10.0; Win64; x64) AppleWebKit/537.36 (KHTML, like Gecko) Chrome/99.0.4844.51 Safari/537.36 Edg/99.0.1150.39"
[2022-03-18T16:32:03.527] [INFO] access - ::1 - - "OPTIONS /bdz_eqlist/getList HTTP/1.1" 204 - "http://localhost:8081/" "Mozilla/5.0 (Windows NT 10.0; Win64; x64) AppleWebKit/537.36 (KHTML, like Gecko) Chrome/99.0.4844.51 Safari/537.36 Edg/99.0.1150.39"
[2022-03-18T16:32:03.529] [INFO] access - ::1 - - "OPTIONS /bdz_eqlist/getList HTTP/1.1" 204 - "http://localhost:8081/" "Mozilla/5.0 (Windows NT 10.0; Win64; x64) AppleWebKit/537.36 (KHTML, like Gecko) Chrome/99.0.4844.51 Safari/537.36 Edg/99.0.1150.39"
[2022-03-18T16:32:03.539] [INFO] access - ::1 - - "POST /bdz_eqlist/getList HTTP/1.1" 200 891 "http://localhost:8081/" "Mozilla/5.0 (Windows NT 10.0; Win64; x64) AppleWebKit/537.36 (KHTML, like Gecko) Chrome/99.0.4844.51 Safari/537.36 Edg/99.0.1150.39"
[2022-03-18T16:32:03.542] [INFO] access - ::1 - - "POST /bdz_eqlist/getList HTTP/1.1" 200 891 "http://localhost:8081/" "Mozilla/5.0 (Windows NT 10.0; Win64; x64) AppleWebKit/537.36 (KHTML, like Gecko) Chrome/99.0.4844.51 Safari/537.36 Edg/99.0.1150.39"
[2022-03-18T16:33:24.136] [INFO] access - ::1 - - "OPTIONS /bdz_eqlist/getList HTTP/1.1" 204 - "http://localhost:8081/" "Mozilla/5.0 (Windows NT 10.0; Win64; x64) AppleWebKit/537.36 (KHTML, like Gecko) Chrome/99.0.4844.51 Safari/537.36 Edg/99.0.1150.39"
[2022-03-18T16:33:24.138] [INFO] access - ::1 - - "OPTIONS /bdz_eqlist/getList HTTP/1.1" 204 - "http://localhost:8081/" "Mozilla/5.0 (Windows NT 10.0; Win64; x64) AppleWebKit/537.36 (KHTML, like Gecko) Chrome/99.0.4844.51 Safari/537.36 Edg/99.0.1150.39"
[2022-03-18T16:33:24.155] [INFO] access - ::1 - - "POST /bdz_eqlist/getList HTTP/1.1" 200 891 "http://localhost:8081/" "Mozilla/5.0 (Windows NT 10.0; Win64; x64) AppleWebKit/537.36 (KHTML, like Gecko) Chrome/99.0.4844.51 Safari/537.36 Edg/99.0.1150.39"
[2022-03-18T16:33:24.155] [INFO] access - ::1 - - "POST /bdz_eqlist/getList HTTP/1.1" 200 891 "http://localhost:8081/" "Mozilla/5.0 (Windows NT 10.0; Win64; x64) AppleWebKit/537.36 (KHTML, like Gecko) Chrome/99.0.4844.51 Safari/537.36 Edg/99.0.1150.39"
[2022-03-18T16:33:43.917] [INFO] access - ::1 - - "OPTIONS /bdz_eqlist/getList HTTP/1.1" 204 - "http://localhost:8081/" "Mozilla/5.0 (Windows NT 10.0; Win64; x64) AppleWebKit/537.36 (KHTML, like Gecko) Chrome/99.0.4844.51 Safari/537.36 Edg/99.0.1150.39"
[2022-03-18T16:33:43.922] [INFO] access - ::1 - - "OPTIONS /bdz_eqlist/getList HTTP/1.1" 204 - "http://localhost:8081/" "Mozilla/5.0 (Windows NT 10.0; Win64; x64) AppleWebKit/537.36 (KHTML, like Gecko) Chrome/99.0.4844.51 Safari/537.36 Edg/99.0.1150.39"
[2022-03-18T16:33:43.935] [INFO] access - ::1 - - "POST /bdz_eqlist/getList HTTP/1.1" 200 891 "http://localhost:8081/" "Mozilla/5.0 (Windows NT 10.0; Win64; x64) AppleWebKit/537.36 (KHTML, like Gecko) Chrome/99.0.4844.51 Safari/537.36 Edg/99.0.1150.39"
[2022-03-18T16:33:43.938] [INFO] access - ::1 - - "POST /bdz_eqlist/getList HTTP/1.1" 200 891 "http://localhost:8081/" "Mozilla/5.0 (Windows NT 10.0; Win64; x64) AppleWebKit/537.36 (KHTML, like Gecko) Chrome/99.0.4844.51 Safari/537.36 Edg/99.0.1150.39"
[2022-03-18T17:13:49.783] [INFO] access - ::ffff:10.168.1.186 - - "OPTIONS /bdz_data/getList HTTP/1.1" 204 - "http://localhost:8081/" "Mozilla/5.0 (Windows NT 10.0; Win64; x64) AppleWebKit/537.36 (KHTML, like Gecko) Chrome/99.0.4844.51 Safari/537.36 Edg/99.0.1150.39"
[2022-03-18T17:13:49.792] [INFO] access - ::ffff:10.168.1.186 - - "POST /bdz_data/getList HTTP/1.1" 200 816 "http://localhost:8081/" "Mozilla/5.0 (Windows NT 10.0; Win64; x64) AppleWebKit/537.36 (KHTML, like Gecko) Chrome/99.0.4844.51 Safari/537.36 Edg/99.0.1150.39"
[2022-03-18T17:13:49.794] [INFO] access - ::ffff:10.168.1.186 - - "GET /bdz_data/checkName HTTP/1.1" 200 139 "http://localhost:8081/" "Mozilla/5.0 (Windows NT 10.0; Win64; x64) AppleWebKit/537.36 (KHTML, like Gecko) Chrome/99.0.4844.51 Safari/537.36 Edg/99.0.1150.39"
[2022-03-18T17:13:51.225] [INFO] access - ::1 - - "OPTIONS /bdz_eqTem/getList HTTP/1.1" 204 - "http://localhost:8081/" "Mozilla/5.0 (Windows NT 10.0; Win64; x64) AppleWebKit/537.36 (KHTML, like Gecko) Chrome/99.0.4844.51 Safari/537.36 Edg/99.0.1150.39"
[2022-03-18T17:13:51.231] [INFO] access - ::1 - - "POST /bdz_eqTem/getList HTTP/1.1" 200 544 "http://localhost:8081/" "Mozilla/5.0 (Windows NT 10.0; Win64; x64) AppleWebKit/537.36 (KHTML, like Gecko) Chrome/99.0.4844.51 Safari/537.36 Edg/99.0.1150.39"
[2022-03-18T17:13:51.234] [INFO] access - ::1 - - "GET /bdz_eqTem/getTypeList HTTP/1.1" 200 140 "http://localhost:8081/" "Mozilla/5.0 (Windows NT 10.0; Win64; x64) AppleWebKit/537.36 (KHTML, like Gecko) Chrome/99.0.4844.51 Safari/537.36 Edg/99.0.1150.39"
[2022-03-18T17:13:52.745] [INFO] access - ::1 - - "OPTIONS /bdz_eqlist/getList HTTP/1.1" 204 - "http://localhost:8081/" "Mozilla/5.0 (Windows NT 10.0; Win64; x64) AppleWebKit/537.36 (KHTML, like Gecko) Chrome/99.0.4844.51 Safari/537.36 Edg/99.0.1150.39"
[2022-03-18T17:13:52.747] [INFO] access - ::1 - - "OPTIONS /bdz_eqlist/getList HTTP/1.1" 204 - "http://localhost:8081/" "Mozilla/5.0 (Windows NT 10.0; Win64; x64) AppleWebKit/537.36 (KHTML, like Gecko) Chrome/99.0.4844.51 Safari/537.36 Edg/99.0.1150.39"
[2022-03-18T17:13:52.755] [INFO] access - ::1 - - "POST /bdz_eqlist/getList HTTP/1.1" 200 891 "http://localhost:8081/" "Mozilla/5.0 (Windows NT 10.0; Win64; x64) AppleWebKit/537.36 (KHTML, like Gecko) Chrome/99.0.4844.51 Safari/537.36 Edg/99.0.1150.39"
[2022-03-18T17:13:52.757] [INFO] access - ::1 - - "POST /bdz_eqlist/getList HTTP/1.1" 200 891 "http://localhost:8081/" "Mozilla/5.0 (Windows NT 10.0; Win64; x64) AppleWebKit/537.36 (KHTML, like Gecko) Chrome/99.0.4844.51 Safari/537.36 Edg/99.0.1150.39"
[2022-03-18T17:16:28.642] [INFO] access - ::1 - - "OPTIONS /bdz_eqlist/getList HTTP/1.1" 204 - "http://localhost:8081/" "Mozilla/5.0 (Windows NT 10.0; Win64; x64) AppleWebKit/537.36 (KHTML, like Gecko) Chrome/99.0.4844.51 Safari/537.36 Edg/99.0.1150.39"
[2022-03-18T17:16:28.647] [INFO] access - ::1 - - "OPTIONS /bdz_eqlist/getList HTTP/1.1" 204 - "http://localhost:8081/" "Mozilla/5.0 (Windows NT 10.0; Win64; x64) AppleWebKit/537.36 (KHTML, like Gecko) Chrome/99.0.4844.51 Safari/537.36 Edg/99.0.1150.39"
[2022-03-18T17:16:28.658] [INFO] access - ::1 - - "POST /bdz_eqlist/getList HTTP/1.1" 200 891 "http://localhost:8081/" "Mozilla/5.0 (Windows NT 10.0; Win64; x64) AppleWebKit/537.36 (KHTML, like Gecko) Chrome/99.0.4844.51 Safari/537.36 Edg/99.0.1150.39"
[2022-03-18T17:16:28.659] [INFO] access - ::1 - - "POST /bdz_eqlist/getList HTTP/1.1" 200 891 "http://localhost:8081/" "Mozilla/5.0 (Windows NT 10.0; Win64; x64) AppleWebKit/537.36 (KHTML, like Gecko) Chrome/99.0.4844.51 Safari/537.36 Edg/99.0.1150.39"
[2022-03-18T17:18:21.553] [INFO] access - ::1 - - "OPTIONS /bdz_eqlist/getList HTTP/1.1" 204 - "http://localhost:8081/" "Mozilla/5.0 (Windows NT 10.0; Win64; x64) AppleWebKit/537.36 (KHTML, like Gecko) Chrome/99.0.4844.51 Safari/537.36 Edg/99.0.1150.39"
[2022-03-18T17:18:21.559] [INFO] access - ::1 - - "OPTIONS /bdz_eqlist/getList HTTP/1.1" 204 - "http://localhost:8081/" "Mozilla/5.0 (Windows NT 10.0; Win64; x64) AppleWebKit/537.36 (KHTML, like Gecko) Chrome/99.0.4844.51 Safari/537.36 Edg/99.0.1150.39"
[2022-03-18T17:18:21.571] [INFO] access - ::1 - - "POST /bdz_eqlist/getList HTTP/1.1" 200 891 "http://localhost:8081/" "Mozilla/5.0 (Windows NT 10.0; Win64; x64) AppleWebKit/537.36 (KHTML, like Gecko) Chrome/99.0.4844.51 Safari/537.36 Edg/99.0.1150.39"
[2022-03-18T17:18:21.573] [INFO] access - ::1 - - "POST /bdz_eqlist/getList HTTP/1.1" 200 891 "http://localhost:8081/" "Mozilla/5.0 (Windows NT 10.0; Win64; x64) AppleWebKit/537.36 (KHTML, like Gecko) Chrome/99.0.4844.51 Safari/537.36 Edg/99.0.1150.39"
[2022-03-18T17:22:28.968] [INFO] access - ::1 - - "OPTIONS /bdz_eqlist/getList HTTP/1.1" 204 - "http://localhost:8081/" "Mozilla/5.0 (Windows NT 10.0; Win64; x64) AppleWebKit/537.36 (KHTML, like Gecko) Chrome/99.0.4844.51 Safari/537.36 Edg/99.0.1150.39"
[2022-03-18T17:22:28.972] [INFO] access - ::1 - - "OPTIONS /bdz_eqlist/getList HTTP/1.1" 204 - "http://localhost:8081/" "Mozilla/5.0 (Windows NT 10.0; Win64; x64) AppleWebKit/537.36 (KHTML, like Gecko) Chrome/99.0.4844.51 Safari/537.36 Edg/99.0.1150.39"
[2022-03-18T17:22:28.983] [INFO] access - ::1 - - "POST /bdz_eqlist/getList HTTP/1.1" 200 891 "http://localhost:8081/" "Mozilla/5.0 (Windows NT 10.0; Win64; x64) AppleWebKit/537.36 (KHTML, like Gecko) Chrome/99.0.4844.51 Safari/537.36 Edg/99.0.1150.39"
[2022-03-18T17:22:28.985] [INFO] access - ::1 - - "POST /bdz_eqlist/getList HTTP/1.1" 200 891 "http://localhost:8081/" "Mozilla/5.0 (Windows NT 10.0; Win64; x64) AppleWebKit/537.36 (KHTML, like Gecko) Chrome/99.0.4844.51 Safari/537.36 Edg/99.0.1150.39"
[2022-03-18T17:39:27.291] [INFO] access - ::ffff:10.168.1.186 - - "OPTIONS /bdz_data/getList HTTP/1.1" 204 - "http://localhost:8081/" "Mozilla/5.0 (Windows NT 10.0; Win64; x64) AppleWebKit/537.36 (KHTML, like Gecko) Chrome/99.0.4844.51 Safari/537.36 Edg/99.0.1150.39"
[2022-03-18T17:39:27.301] [INFO] access - ::ffff:10.168.1.186 - - "POST /bdz_data/getList HTTP/1.1" 200 816 "http://localhost:8081/" "Mozilla/5.0 (Windows NT 10.0; Win64; x64) AppleWebKit/537.36 (KHTML, like Gecko) Chrome/99.0.4844.51 Safari/537.36 Edg/99.0.1150.39"
[2022-03-18T17:39:27.303] [INFO] access - ::ffff:10.168.1.186 - - "GET /bdz_data/checkName HTTP/1.1" 200 139 "http://localhost:8081/" "Mozilla/5.0 (Windows NT 10.0; Win64; x64) AppleWebKit/537.36 (KHTML, like Gecko) Chrome/99.0.4844.51 Safari/537.36 Edg/99.0.1150.39"
[2022-03-18T17:39:29.749] [INFO] access - ::1 - - "OPTIONS /bdz_eqTem/getList HTTP/1.1" 204 - "http://localhost:8081/" "Mozilla/5.0 (Windows NT 10.0; Win64; x64) AppleWebKit/537.36 (KHTML, like Gecko) Chrome/99.0.4844.51 Safari/537.36 Edg/99.0.1150.39"
[2022-03-18T17:39:29.757] [INFO] access - ::1 - - "POST /bdz_eqTem/getList HTTP/1.1" 200 544 "http://localhost:8081/" "Mozilla/5.0 (Windows NT 10.0; Win64; x64) AppleWebKit/537.36 (KHTML, like Gecko) Chrome/99.0.4844.51 Safari/537.36 Edg/99.0.1150.39"
[2022-03-18T17:39:29.758] [INFO] access - ::1 - - "GET /bdz_eqTem/getTypeList HTTP/1.1" 200 140 "http://localhost:8081/" "Mozilla/5.0 (Windows NT 10.0; Win64; x64) AppleWebKit/537.36 (KHTML, like Gecko) Chrome/99.0.4844.51 Safari/537.36 Edg/99.0.1150.39"
[2022-03-18T17:39:31.850] [INFO] access - ::1 - - "OPTIONS /bdz_eqlist/getList HTTP/1.1" 204 - "http://localhost:8081/" "Mozilla/5.0 (Windows NT 10.0; Win64; x64) AppleWebKit/537.36 (KHTML, like Gecko) Chrome/99.0.4844.51 Safari/537.36 Edg/99.0.1150.39"
[2022-03-18T17:39:31.853] [INFO] access - ::1 - - "OPTIONS /bdz_eqlist/getList HTTP/1.1" 204 - "http://localhost:8081/" "Mozilla/5.0 (Windows NT 10.0; Win64; x64) AppleWebKit/537.36 (KHTML, like Gecko) Chrome/99.0.4844.51 Safari/537.36 Edg/99.0.1150.39"
[2022-03-18T17:39:31.861] [INFO] access - ::1 - - "POST /bdz_eqlist/getList HTTP/1.1" 200 891 "http://localhost:8081/" "Mozilla/5.0 (Windows NT 10.0; Win64; x64) AppleWebKit/537.36 (KHTML, like Gecko) Chrome/99.0.4844.51 Safari/537.36 Edg/99.0.1150.39"
[2022-03-18T17:39:31.863] [INFO] access - ::1 - - "POST /bdz_eqlist/getList HTTP/1.1" 200 891 "http://localhost:8081/" "Mozilla/5.0 (Windows NT 10.0; Win64; x64) AppleWebKit/537.36 (KHTML, like Gecko) Chrome/99.0.4844.51 Safari/537.36 Edg/99.0.1150.39"
[2022-03-18T17:46:04.611] [INFO] access - ::1 - - "OPTIONS /bdz_eqlist/getList HTTP/1.1" 204 - "http://localhost:8081/" "Mozilla/5.0 (Windows NT 10.0; Win64; x64) AppleWebKit/537.36 (KHTML, like Gecko) Chrome/99.0.4844.51 Safari/537.36 Edg/99.0.1150.39"
[2022-03-18T17:46:04.616] [INFO] access - ::1 - - "OPTIONS /bdz_eqlist/getList HTTP/1.1" 204 - "http://localhost:8081/" "Mozilla/5.0 (Windows NT 10.0; Win64; x64) AppleWebKit/537.36 (KHTML, like Gecko) Chrome/99.0.4844.51 Safari/537.36 Edg/99.0.1150.39"
[2022-03-18T17:46:04.631] [INFO] access - ::1 - - "POST /bdz_eqlist/getList HTTP/1.1" 200 891 "http://localhost:8081/" "Mozilla/5.0 (Windows NT 10.0; Win64; x64) AppleWebKit/537.36 (KHTML, like Gecko) Chrome/99.0.4844.51 Safari/537.36 Edg/99.0.1150.39"
[2022-03-18T17:46:04.633] [INFO] access - ::1 - - "POST /bdz_eqlist/getList HTTP/1.1" 200 891 "http://localhost:8081/" "Mozilla/5.0 (Windows NT 10.0; Win64; x64) AppleWebKit/537.36 (KHTML, like Gecko) Chrome/99.0.4844.51 Safari/537.36 Edg/99.0.1150.39"
[2022-03-18T17:46:30.395] [INFO] access - ::1 - - "OPTIONS /bdz_eqlist/getList HTTP/1.1" 204 - "http://localhost:8081/" "Mozilla/5.0 (Windows NT 10.0; Win64; x64) AppleWebKit/537.36 (KHTML, like Gecko) Chrome/99.0.4844.51 Safari/537.36 Edg/99.0.1150.39"
[2022-03-18T17:46:30.400] [INFO] access - ::1 - - "OPTIONS /bdz_eqlist/getList HTTP/1.1" 204 - "http://localhost:8081/" "Mozilla/5.0 (Windows NT 10.0; Win64; x64) AppleWebKit/537.36 (KHTML, like Gecko) Chrome/99.0.4844.51 Safari/537.36 Edg/99.0.1150.39"
[2022-03-18T17:46:30.411] [INFO] access - ::1 - - "POST /bdz_eqlist/getList HTTP/1.1" 200 891 "http://localhost:8081/" "Mozilla/5.0 (Windows NT 10.0; Win64; x64) AppleWebKit/537.36 (KHTML, like Gecko) Chrome/99.0.4844.51 Safari/537.36 Edg/99.0.1150.39"
[2022-03-18T17:46:30.412] [INFO] access - ::1 - - "POST /bdz_eqlist/getList HTTP/1.1" 200 891 "http://localhost:8081/" "Mozilla/5.0 (Windows NT 10.0; Win64; x64) AppleWebKit/537.36 (KHTML, like Gecko) Chrome/99.0.4844.51 Safari/537.36 Edg/99.0.1150.39"
[2022-03-18T17:52:03.414] [INFO] access - ::ffff:10.168.1.186 - - "OPTIONS /bdz_data/getList HTTP/1.1" 204 - "http://localhost:8081/" "Mozilla/5.0 (Windows NT 10.0; Win64; x64) AppleWebKit/537.36 (KHTML, like Gecko) Chrome/99.0.4844.51 Safari/537.36 Edg/99.0.1150.39"
[2022-03-18T17:52:03.424] [INFO] access - ::ffff:10.168.1.186 - - "POST /bdz_data/getList HTTP/1.1" 200 816 "http://localhost:8081/" "Mozilla/5.0 (Windows NT 10.0; Win64; x64) AppleWebKit/537.36 (KHTML, like Gecko) Chrome/99.0.4844.51 Safari/537.36 Edg/99.0.1150.39"
[2022-03-18T17:52:06.141] [INFO] access - ::ffff:10.168.1.186 - - "POST /bdz_data/getList HTTP/1.1" 200 816 "http://localhost:8081/" "Mozilla/5.0 (Windows NT 10.0; Win64; x64) AppleWebKit/537.36 (KHTML, like Gecko) Chrome/99.0.4844.51 Safari/537.36 Edg/99.0.1150.39"
[2022-03-18T17:52:06.144] [INFO] access - ::ffff:10.168.1.186 - - "GET /bdz_data/checkName HTTP/1.1" 200 139 "http://localhost:8081/" "Mozilla/5.0 (Windows NT 10.0; Win64; x64) AppleWebKit/537.36 (KHTML, like Gecko) Chrome/99.0.4844.51 Safari/537.36 Edg/99.0.1150.39"
[2022-03-18T17:52:07.556] [INFO] access - ::1 - - "OPTIONS /bdz_eqTem/getList HTTP/1.1" 204 - "http://localhost:8081/" "Mozilla/5.0 (Windows NT 10.0; Win64; x64) AppleWebKit/537.36 (KHTML, like Gecko) Chrome/99.0.4844.51 Safari/537.36 Edg/99.0.1150.39"
[2022-03-18T17:52:07.563] [INFO] access - ::1 - - "POST /bdz_eqTem/getList HTTP/1.1" 200 544 "http://localhost:8081/" "Mozilla/5.0 (Windows NT 10.0; Win64; x64) AppleWebKit/537.36 (KHTML, like Gecko) Chrome/99.0.4844.51 Safari/537.36 Edg/99.0.1150.39"
[2022-03-18T17:52:07.565] [INFO] access - ::1 - - "GET /bdz_eqTem/getTypeList HTTP/1.1" 200 140 "http://localhost:8081/" "Mozilla/5.0 (Windows NT 10.0; Win64; x64) AppleWebKit/537.36 (KHTML, like Gecko) Chrome/99.0.4844.51 Safari/537.36 Edg/99.0.1150.39"
[2022-03-18T17:52:09.010] [INFO] access - ::1 - - "OPTIONS /bdz_eqlist/getList HTTP/1.1" 204 - "http://localhost:8081/" "Mozilla/5.0 (Windows NT 10.0; Win64; x64) AppleWebKit/537.36 (KHTML, like Gecko) Chrome/99.0.4844.51 Safari/537.36 Edg/99.0.1150.39"
[2022-03-18T17:52:09.013] [INFO] access - ::1 - - "OPTIONS /bdz_eqlist/getList HTTP/1.1" 204 - "http://localhost:8081/" "Mozilla/5.0 (Windows NT 10.0; Win64; x64) AppleWebKit/537.36 (KHTML, like Gecko) Chrome/99.0.4844.51 Safari/537.36 Edg/99.0.1150.39"
[2022-03-18T17:52:09.022] [INFO] access - ::1 - - "POST /bdz_eqlist/getList HTTP/1.1" 200 891 "http://localhost:8081/" "Mozilla/5.0 (Windows NT 10.0; Win64; x64) AppleWebKit/537.36 (KHTML, like Gecko) Chrome/99.0.4844.51 Safari/537.36 Edg/99.0.1150.39"
[2022-03-18T17:52:09.026] [INFO] access - ::1 - - "POST /bdz_eqlist/getList HTTP/1.1" 200 891 "http://localhost:8081/" "Mozilla/5.0 (Windows NT 10.0; Win64; x64) AppleWebKit/537.36 (KHTML, like Gecko) Chrome/99.0.4844.51 Safari/537.36 Edg/99.0.1150.39"
[2022-03-18T18:21:56.246] [INFO] access - ::ffff:10.168.1.186 - - "OPTIONS /bdz_data/getList HTTP/1.1" 204 - "http://localhost:8081/" "Mozilla/5.0 (Windows NT 10.0; Win64; x64) AppleWebKit/537.36 (KHTML, like Gecko) Chrome/99.0.4844.51 Safari/537.36 Edg/99.0.1150.39"
[2022-03-18T18:21:56.259] [INFO] access - ::ffff:10.168.1.186 - - "POST /bdz_data/getList HTTP/1.1" 200 816 "http://localhost:8081/" "Mozilla/5.0 (Windows NT 10.0; Win64; x64) AppleWebKit/537.36 (KHTML, like Gecko) Chrome/99.0.4844.51 Safari/537.36 Edg/99.0.1150.39"
[2022-03-18T18:21:56.260] [INFO] access - ::ffff:10.168.1.186 - - "GET /bdz_data/checkName HTTP/1.1" 200 139 "http://localhost:8081/" "Mozilla/5.0 (Windows NT 10.0; Win64; x64) AppleWebKit/537.36 (KHTML, like Gecko) Chrome/99.0.4844.51 Safari/537.36 Edg/99.0.1150.39"
[2022-03-18T18:21:58.455] [INFO] access - ::ffff:10.168.1.186 - - "POST /bdz_data/getList HTTP/1.1" 200 816 "http://localhost:8081/" "Mozilla/5.0 (Windows NT 10.0; Win64; x64) AppleWebKit/537.36 (KHTML, like Gecko) Chrome/99.0.4844.51 Safari/537.36 Edg/99.0.1150.39"
[2022-03-18T18:22:00.192] [INFO] access - ::ffff:10.168.1.186 - - "OPTIONS /bdz_eqTem/getList HTTP/1.1" 204 - "http://localhost:8081/" "Mozilla/5.0 (Windows NT 10.0; Win64; x64) AppleWebKit/537.36 (KHTML, like Gecko) Chrome/99.0.4844.51 Safari/537.36 Edg/99.0.1150.39"
[2022-03-18T18:22:00.196] [INFO] access - ::ffff:10.168.1.186 - - "POST /bdz_eqTem/getList HTTP/1.1" 200 544 "http://localhost:8081/" "Mozilla/5.0 (Windows NT 10.0; Win64; x64) AppleWebKit/537.36 (KHTML, like Gecko) Chrome/99.0.4844.51 Safari/537.36 Edg/99.0.1150.39"
[2022-03-18T18:22:01.143] [INFO] access - ::ffff:10.168.1.186 - - "POST /bdz_data/getList HTTP/1.1" 200 816 "http://localhost:8081/" "Mozilla/5.0 (Windows NT 10.0; Win64; x64) AppleWebKit/537.36 (KHTML, like Gecko) Chrome/99.0.4844.51 Safari/537.36 Edg/99.0.1150.39"
[2022-03-18T18:22:01.145] [INFO] access - ::ffff:10.168.1.186 - - "GET /bdz_data/checkName HTTP/1.1" 200 139 "http://localhost:8081/" "Mozilla/5.0 (Windows NT 10.0; Win64; x64) AppleWebKit/537.36 (KHTML, like Gecko) Chrome/99.0.4844.51 Safari/537.36 Edg/99.0.1150.39"
[2022-03-18T18:22:02.579] [INFO] access - ::1 - - "OPTIONS /bdz_eqTem/getList HTTP/1.1" 204 - "http://localhost:8081/" "Mozilla/5.0 (Windows NT 10.0; Win64; x64) AppleWebKit/537.36 (KHTML, like Gecko) Chrome/99.0.4844.51 Safari/537.36 Edg/99.0.1150.39"
[2022-03-18T18:22:02.585] [INFO] access - ::1 - - "POST /bdz_eqTem/getList HTTP/1.1" 200 544 "http://localhost:8081/" "Mozilla/5.0 (Windows NT 10.0; Win64; x64) AppleWebKit/537.36 (KHTML, like Gecko) Chrome/99.0.4844.51 Safari/537.36 Edg/99.0.1150.39"
[2022-03-18T18:22:02.587] [INFO] access - ::1 - - "GET /bdz_eqTem/getTypeList HTTP/1.1" 200 140 "http://localhost:8081/" "Mozilla/5.0 (Windows NT 10.0; Win64; x64) AppleWebKit/537.36 (KHTML, like Gecko) Chrome/99.0.4844.51 Safari/537.36 Edg/99.0.1150.39"
[2022-03-18T18:22:04.984] [INFO] access - ::1 - - "OPTIONS /bdz_eqlist/getList HTTP/1.1" 204 - "http://localhost:8081/" "Mozilla/5.0 (Windows NT 10.0; Win64; x64) AppleWebKit/537.36 (KHTML, like Gecko) Chrome/99.0.4844.51 Safari/537.36 Edg/99.0.1150.39"
[2022-03-18T18:22:04.988] [INFO] access - ::1 - - "OPTIONS /bdz_eqlist/getList HTTP/1.1" 204 - "http://localhost:8081/" "Mozilla/5.0 (Windows NT 10.0; Win64; x64) AppleWebKit/537.36 (KHTML, like Gecko) Chrome/99.0.4844.51 Safari/537.36 Edg/99.0.1150.39"
[2022-03-18T18:22:04.995] [INFO] access - ::1 - - "POST /bdz_eqlist/getList HTTP/1.1" 200 891 "http://localhost:8081/" "Mozilla/5.0 (Windows NT 10.0; Win64; x64) AppleWebKit/537.36 (KHTML, like Gecko) Chrome/99.0.4844.51 Safari/537.36 Edg/99.0.1150.39"
[2022-03-18T18:22:04.998] [INFO] access - ::1 - - "POST /bdz_eqlist/getList HTTP/1.1" 200 891 "http://localhost:8081/" "Mozilla/5.0 (Windows NT 10.0; Win64; x64) AppleWebKit/537.36 (KHTML, like Gecko) Chrome/99.0.4844.51 Safari/537.36 Edg/99.0.1150.39"
[2022-03-18T18:22:19.923] [INFO] access - ::1 - - "OPTIONS /bdz_eqlist/getList HTTP/1.1" 204 - "http://localhost:8081/" "Mozilla/5.0 (Windows NT 10.0; Win64; x64) AppleWebKit/537.36 (KHTML, like Gecko) Chrome/99.0.4844.51 Safari/537.36 Edg/99.0.1150.39"
[2022-03-18T18:22:19.926] [INFO] access - ::1 - - "OPTIONS /bdz_eqlist/getList HTTP/1.1" 204 - "http://localhost:8081/" "Mozilla/5.0 (Windows NT 10.0; Win64; x64) AppleWebKit/537.36 (KHTML, like Gecko) Chrome/99.0.4844.51 Safari/537.36 Edg/99.0.1150.39"
[2022-03-18T18:22:19.946] [INFO] access - ::1 - - "POST /bdz_eqlist/getList HTTP/1.1" 200 891 "http://localhost:8081/" "Mozilla/5.0 (Windows NT 10.0; Win64; x64) AppleWebKit/537.36 (KHTML, like Gecko) Chrome/99.0.4844.51 Safari/537.36 Edg/99.0.1150.39"
[2022-03-18T18:22:19.948] [INFO] access - ::1 - - "POST /bdz_eqlist/getList HTTP/1.1" 200 891 "http://localhost:8081/" "Mozilla/5.0 (Windows NT 10.0; Win64; x64) AppleWebKit/537.36 (KHTML, like Gecko) Chrome/99.0.4844.51 Safari/537.36 Edg/99.0.1150.39"
