[2022-03-14T16:53:32.085] [INFO] access - ::1 - - "OPTIONS /bdz_data/getList HTTP/1.1" 204 - "http://localhost:8080/" "Mozilla/5.0 (Windows NT 10.0; Win64; x64) AppleWebKit/537.36 (KHTML, like Gecko) Chrome/98.0.4758.102 Safari/537.36 Edg/98.0.1108.56"
[2022-03-14T16:53:32.119] [INFO] access - ::1 - - "POST /bdz_data/getList HTTP/1.1" 200 468 "http://localhost:8080/" "Mozilla/5.0 (Windows NT 10.0; Win64; x64) AppleWebKit/537.36 (KHTML, like Gecko) Chrome/98.0.4758.102 Safari/537.36 Edg/98.0.1108.56"
[2022-03-14T16:53:33.859] [INFO] access - ::1 - - "OPTIONS /bdz_eqTem/getList HTTP/1.1" 204 - "http://localhost:8080/" "Mozilla/5.0 (Windows NT 10.0; Win64; x64) AppleWebKit/537.36 (KHTML, like Gecko) Chrome/98.0.4758.102 Safari/537.36 Edg/98.0.1108.56"
[2022-03-14T16:53:33.867] [INFO] access - ::1 - - "POST /bdz_eqTem/getList HTTP/1.1" 200 544 "http://localhost:8080/" "Mozilla/5.0 (Windows NT 10.0; Win64; x64) AppleWebKit/537.36 (KHTML, like Gecko) Chrome/98.0.4758.102 Safari/537.36 Edg/98.0.1108.56"
[2022-03-14T16:53:38.687] [INFO] access - ::1 - - "POST /bdz_tem/insertList HTTP/1.1" 405 - "http://localhost:8080/" "Mozilla/5.0 (Windows NT 10.0; Win64; x64) AppleWebKit/537.36 (KHTML, like Gecko) Chrome/98.0.4758.102 Safari/537.36 Edg/98.0.1108.56"
[2022-03-14T16:54:09.416] [INFO] access - ::1 - - "POST /bdz_tem/insertList HTTP/1.1" 404 - "http://localhost:8080/" "Mozilla/5.0 (Windows NT 10.0; Win64; x64) AppleWebKit/537.36 (KHTML, like Gecko) Chrome/98.0.4758.102 Safari/537.36 Edg/98.0.1108.56"
[2022-03-14T16:54:49.537] [INFO] access - ::1 - - "POST /bdz_tem/insertList HTTP/1.1" 500 40 "http://localhost:8080/" "Mozilla/5.0 (Windows NT 10.0; Win64; x64) AppleWebKit/537.36 (KHTML, like Gecko) Chrome/98.0.4758.102 Safari/537.36 Edg/98.0.1108.56"
[2022-03-14T16:54:58.997] [INFO] access - ::1 - - "POST /bdz_tem/insertList HTTP/1.1" 404 - "http://localhost:8080/" "Mozilla/5.0 (Windows NT 10.0; Win64; x64) AppleWebKit/537.36 (KHTML, like Gecko) Chrome/98.0.4758.102 Safari/537.36 Edg/98.0.1108.56"
[2022-03-14T16:56:37.845] [INFO] access - ::1 - - "POST /bdz_tem/insertList HTTP/1.1" 404 - "http://localhost:8080/" "Mozilla/5.0 (Windows NT 10.0; Win64; x64) AppleWebKit/537.36 (KHTML, like Gecko) Chrome/98.0.4758.102 Safari/537.36 Edg/98.0.1108.56"
[2022-03-14T16:59:45.708] [INFO] access - ::1 - - "POST /bdz_tem/insertList HTTP/1.1" 404 - "http://localhost:8080/" "Mozilla/5.0 (Windows NT 10.0; Win64; x64) AppleWebKit/537.36 (KHTML, like Gecko) Chrome/98.0.4758.102 Safari/537.36 Edg/98.0.1108.56"
[2022-03-14T17:00:32.780] [INFO] access - ::1 - - "POST /bdz_tem/insertList HTTP/1.1" 500 40 "http://localhost:8080/" "Mozilla/5.0 (Windows NT 10.0; Win64; x64) AppleWebKit/537.36 (KHTML, like Gecko) Chrome/98.0.4758.102 Safari/537.36 Edg/98.0.1108.56"
[2022-03-14T17:14:14.317] [INFO] access - ::1 - - "POST /bdz_tem/insertList HTTP/1.1" 500 40 "http://localhost:8080/" "Mozilla/5.0 (Windows NT 10.0; Win64; x64) AppleWebKit/537.36 (KHTML, like Gecko) Chrome/98.0.4758.102 Safari/537.36 Edg/98.0.1108.56"
[2022-03-14T17:16:42.743] [INFO] access - ::1 - - "POST /bdz_tem/insertList HTTP/1.1" 500 40 "http://localhost:8080/" "Mozilla/5.0 (Windows NT 10.0; Win64; x64) AppleWebKit/537.36 (KHTML, like Gecko) Chrome/98.0.4758.102 Safari/537.36 Edg/98.0.1108.56"
[2022-03-14T17:17:13.530] [INFO] access - ::1 - - "POST /bdz_tem/insertList HTTP/1.1" 404 - "http://localhost:8080/" "Mozilla/5.0 (Windows NT 10.0; Win64; x64) AppleWebKit/537.36 (KHTML, like Gecko) Chrome/98.0.4758.102 Safari/537.36 Edg/98.0.1108.56"
[2022-03-14T17:18:43.863] [INFO] access - ::1 - - "POST /bdz_tem/insertList HTTP/1.1" 404 - "http://localhost:8080/" "Mozilla/5.0 (Windows NT 10.0; Win64; x64) AppleWebKit/537.36 (KHTML, like Gecko) Chrome/98.0.4758.102 Safari/537.36 Edg/98.0.1108.56"
[2022-03-14T17:20:08.905] [INFO] access - ::1 - - "POST /bdz_tem/insertList HTTP/1.1" 404 - "http://localhost:8080/" "Mozilla/5.0 (Windows NT 10.0; Win64; x64) AppleWebKit/537.36 (KHTML, like Gecko) Chrome/98.0.4758.102 Safari/537.36 Edg/98.0.1108.56"
[2022-03-14T17:21:06.693] [INFO] access - ::1 - - "POST /bdz_tem/insertList HTTP/1.1" 404 - "http://localhost:8080/" "Mozilla/5.0 (Windows NT 10.0; Win64; x64) AppleWebKit/537.36 (KHTML, like Gecko) Chrome/98.0.4758.102 Safari/537.36 Edg/98.0.1108.56"
[2022-03-14T17:22:02.663] [INFO] access - ::1 - - "POST /bdz_tem/insertList HTTP/1.1" 404 - "http://localhost:8080/" "Mozilla/5.0 (Windows NT 10.0; Win64; x64) AppleWebKit/537.36 (KHTML, like Gecko) Chrome/98.0.4758.102 Safari/537.36 Edg/98.0.1108.56"
[2022-03-14T17:28:38.083] [INFO] access - ::1 - - "POST /bdz_tem/insertList HTTP/1.1" 404 - "http://localhost:8080/" "Mozilla/5.0 (Windows NT 10.0; Win64; x64) AppleWebKit/537.36 (KHTML, like Gecko) Chrome/98.0.4758.102 Safari/537.36 Edg/98.0.1108.56"
[2022-03-14T17:30:19.177] [INFO] access - ::1 - - "POST /bdz_tem/insertList HTTP/1.1" 404 - "http://localhost:8080/" "Mozilla/5.0 (Windows NT 10.0; Win64; x64) AppleWebKit/537.36 (KHTML, like Gecko) Chrome/98.0.4758.102 Safari/537.36 Edg/98.0.1108.56"
[2022-03-14T17:30:59.838] [INFO] access - ::1 - - "POST /bdz_tem/insertList HTTP/1.1" 404 - "http://localhost:8080/" "Mozilla/5.0 (Windows NT 10.0; Win64; x64) AppleWebKit/537.36 (KHTML, like Gecko) Chrome/98.0.4758.102 Safari/537.36 Edg/98.0.1108.56"
[2022-03-14T17:36:01.743] [INFO] access - ::1 - - "POST /bdz_tem/insertList HTTP/1.1" 500 40 "http://localhost:8080/" "Mozilla/5.0 (Windows NT 10.0; Win64; x64) AppleWebKit/537.36 (KHTML, like Gecko) Chrome/98.0.4758.102 Safari/537.36 Edg/98.0.1108.56"
[2022-03-14T17:37:25.249] [INFO] access - ::1 - - "POST /bdz_tem/insertList HTTP/1.1" 404 - "http://localhost:8080/" "Mozilla/5.0 (Windows NT 10.0; Win64; x64) AppleWebKit/537.36 (KHTML, like Gecko) Chrome/98.0.4758.102 Safari/537.36 Edg/98.0.1108.56"
[2022-03-14T17:37:46.633] [INFO] access - ::1 - - "POST /bdz_tem/insertList HTTP/1.1" 404 - "http://localhost:8080/" "Mozilla/5.0 (Windows NT 10.0; Win64; x64) AppleWebKit/537.36 (KHTML, like Gecko) Chrome/98.0.4758.102 Safari/537.36 Edg/98.0.1108.56"
[2022-03-14T17:38:34.759] [INFO] access - ::1 - - "POST /bdz_tem/insertList HTTP/1.1" 500 40 "http://localhost:8080/" "Mozilla/5.0 (Windows NT 10.0; Win64; x64) AppleWebKit/537.36 (KHTML, like Gecko) Chrome/98.0.4758.102 Safari/537.36 Edg/98.0.1108.56"
[2022-03-14T17:38:51.104] [INFO] access - ::1 - - "POST /bdz_tem/insertList HTTP/1.1" 404 - "http://localhost:8080/" "Mozilla/5.0 (Windows NT 10.0; Win64; x64) AppleWebKit/537.36 (KHTML, like Gecko) Chrome/98.0.4758.102 Safari/537.36 Edg/98.0.1108.56"
[2022-03-14T17:39:06.376] [INFO] access - ::1 - - "POST /bdz_tem/insertList HTTP/1.1" 404 - "http://localhost:8080/" "Mozilla/5.0 (Windows NT 10.0; Win64; x64) AppleWebKit/537.36 (KHTML, like Gecko) Chrome/98.0.4758.102 Safari/537.36 Edg/98.0.1108.56"
[2022-03-14T17:41:38.814] [INFO] access - ::1 - - "POST /bdz_tem/insertList HTTP/1.1" 404 - "http://localhost:8080/" "Mozilla/5.0 (Windows NT 10.0; Win64; x64) AppleWebKit/537.36 (KHTML, like Gecko) Chrome/98.0.4758.102 Safari/537.36 Edg/98.0.1108.56"
[2022-03-14T17:42:40.057] [INFO] access - ::1 - - "POST /bdz_tem/insertList HTTP/1.1" 404 - "http://localhost:8080/" "Mozilla/5.0 (Windows NT 10.0; Win64; x64) AppleWebKit/537.36 (KHTML, like Gecko) Chrome/98.0.4758.102 Safari/537.36 Edg/98.0.1108.56"
[2022-03-14T17:43:04.442] [INFO] access - ::1 - - "POST /bdz_tem/insertList HTTP/1.1" 404 - "http://localhost:8080/" "Mozilla/5.0 (Windows NT 10.0; Win64; x64) AppleWebKit/537.36 (KHTML, like Gecko) Chrome/98.0.4758.102 Safari/537.36 Edg/98.0.1108.56"
[2022-03-14T17:43:50.711] [INFO] access - ::1 - - "POST /bdz_tem/insertList HTTP/1.1" 500 40 "http://localhost:8080/" "Mozilla/5.0 (Windows NT 10.0; Win64; x64) AppleWebKit/537.36 (KHTML, like Gecko) Chrome/98.0.4758.102 Safari/537.36 Edg/98.0.1108.56"
[2022-03-14T17:44:07.803] [INFO] access - ::1 - - "POST /bdz_tem/insertList HTTP/1.1" 404 - "http://localhost:8080/" "Mozilla/5.0 (Windows NT 10.0; Win64; x64) AppleWebKit/537.36 (KHTML, like Gecko) Chrome/98.0.4758.102 Safari/537.36 Edg/98.0.1108.56"
[2022-03-14T17:44:25.022] [INFO] access - ::1 - - "POST /bdz_tem/insertList HTTP/1.1" 404 - "http://localhost:8080/" "Mozilla/5.0 (Windows NT 10.0; Win64; x64) AppleWebKit/537.36 (KHTML, like Gecko) Chrome/98.0.4758.102 Safari/537.36 Edg/98.0.1108.56"
[2022-03-14T17:45:00.242] [INFO] access - ::1 - - "POST /bdz_tem/insertList HTTP/1.1" 404 - "http://localhost:8080/" "Mozilla/5.0 (Windows NT 10.0; Win64; x64) AppleWebKit/537.36 (KHTML, like Gecko) Chrome/98.0.4758.102 Safari/537.36 Edg/98.0.1108.56"
[2022-03-14T17:45:24.798] [INFO] access - ::1 - - "POST /bdz_tem/insertList HTTP/1.1" 500 40 "http://localhost:8080/" "Mozilla/5.0 (Windows NT 10.0; Win64; x64) AppleWebKit/537.36 (KHTML, like Gecko) Chrome/98.0.4758.102 Safari/537.36 Edg/98.0.1108.56"
[2022-03-14T17:45:54.546] [INFO] access - ::1 - - "POST /bdz_tem/insertList HTTP/1.1" 404 - "http://localhost:8080/" "Mozilla/5.0 (Windows NT 10.0; Win64; x64) AppleWebKit/537.36 (KHTML, like Gecko) Chrome/98.0.4758.102 Safari/537.36 Edg/98.0.1108.56"
[2022-03-14T17:46:07.906] [INFO] access - ::1 - - "POST /bdz_tem/insertList HTTP/1.1" 404 - "http://localhost:8080/" "Mozilla/5.0 (Windows NT 10.0; Win64; x64) AppleWebKit/537.36 (KHTML, like Gecko) Chrome/98.0.4758.102 Safari/537.36 Edg/98.0.1108.56"
[2022-03-14T17:47:26.197] [INFO] access - ::1 - - "POST /bdz_tem/insertList HTTP/1.1" 404 - "http://localhost:8080/" "Mozilla/5.0 (Windows NT 10.0; Win64; x64) AppleWebKit/537.36 (KHTML, like Gecko) Chrome/98.0.4758.102 Safari/537.36 Edg/98.0.1108.56"
[2022-03-14T17:48:04.818] [INFO] access - ::1 - - "POST /bdz_tem/insertList HTTP/1.1" 404 - "http://localhost:8080/" "Mozilla/5.0 (Windows NT 10.0; Win64; x64) AppleWebKit/537.36 (KHTML, like Gecko) Chrome/98.0.4758.102 Safari/537.36 Edg/98.0.1108.56"
[2022-03-14T17:48:16.117] [INFO] access - ::1 - - "POST /bdz_tem/insertList HTTP/1.1" 404 - "http://localhost:8080/" "Mozilla/5.0 (Windows NT 10.0; Win64; x64) AppleWebKit/537.36 (KHTML, like Gecko) Chrome/98.0.4758.102 Safari/537.36 Edg/98.0.1108.56"
[2022-03-14T17:48:51.475] [INFO] access - ::1 - - "POST /bdz_tem/insertList HTTP/1.1" 404 - "http://localhost:8080/" "Mozilla/5.0 (Windows NT 10.0; Win64; x64) AppleWebKit/537.36 (KHTML, like Gecko) Chrome/98.0.4758.102 Safari/537.36 Edg/98.0.1108.56"
[2022-03-14T17:49:44.585] [INFO] access - ::1 - - "POST /bdz_tem/insertList HTTP/1.1" 404 - "http://localhost:8080/" "Mozilla/5.0 (Windows NT 10.0; Win64; x64) AppleWebKit/537.36 (KHTML, like Gecko) Chrome/98.0.4758.102 Safari/537.36 Edg/98.0.1108.56"
[2022-03-14T17:49:58.015] [INFO] access - ::1 - - "POST /bdz_tem/insertList HTTP/1.1" 404 - "http://localhost:8080/" "Mozilla/5.0 (Windows NT 10.0; Win64; x64) AppleWebKit/537.36 (KHTML, like Gecko) Chrome/98.0.4758.102 Safari/537.36 Edg/98.0.1108.56"
[2022-03-14T17:52:36.817] [INFO] access - ::1 - - "POST /bdz_tem/insertList HTTP/1.1" 404 - "http://localhost:8080/" "Mozilla/5.0 (Windows NT 10.0; Win64; x64) AppleWebKit/537.36 (KHTML, like Gecko) Chrome/98.0.4758.102 Safari/537.36 Edg/98.0.1108.56"
[2022-03-14T17:53:55.689] [INFO] access - ::1 - - "POST /bdz_tem/insertList HTTP/1.1" 404 - "http://localhost:8080/" "Mozilla/5.0 (Windows NT 10.0; Win64; x64) AppleWebKit/537.36 (KHTML, like Gecko) Chrome/98.0.4758.102 Safari/537.36 Edg/98.0.1108.56"
[2022-03-14T17:54:45.654] [INFO] access - ::1 - - "POST /bdz_tem/insertList HTTP/1.1" 404 - "http://localhost:8080/" "Mozilla/5.0 (Windows NT 10.0; Win64; x64) AppleWebKit/537.36 (KHTML, like Gecko) Chrome/98.0.4758.102 Safari/537.36 Edg/98.0.1108.56"
[2022-03-14T17:55:07.931] [INFO] access - ::1 - - "POST /bdz_tem/insertList HTTP/1.1" 404 - "http://localhost:8080/" "Mozilla/5.0 (Windows NT 10.0; Win64; x64) AppleWebKit/537.36 (KHTML, like Gecko) Chrome/98.0.4758.102 Safari/537.36 Edg/98.0.1108.56"
